make[3]: Nothing to be done for 'all'.
make[3]: Nothing to be done for 'all'.
make[3]: Nothing to be done for 'all'.
make[3]: Nothing to be done for 'all'.
make[3]: Nothing to be done for 'all'.
make[3]: Nothing to be done for 'all'.
make[3]: Nothing to be done for 'all'.
make[3]: Nothing to be done for 'all'.
make[3]: Nothing to be done for 'all'.
make[3]: Nothing to be done for 'all'.
make[3]: Nothing to be done for 'all'.
make[3]: Nothing to be done for 'all'.
make[3]: Nothing to be done for 'all'.
make[3]: Nothing to be done for 'all'.
make[3]: Nothing to be done for 'all'.
make[3]: Nothing to be done for 'all'.
make[3]: Nothing to be done for 'all'.
make[3]: Nothing to be done for 'all'.
make[3]: Nothing to be done for 'all'.
make[3]: Nothing to be done for 'all'.
make[3]: Nothing to be done for 'all'.
make[3]: Nothing to be done for 'all'.
make[3]: Nothing to be done for 'all'.
make[3]: Nothing to be done for 'all'.
make[3]: Nothing to be done for 'all'.
make[3]: Nothing to be done for 'all'.
make[3]: Nothing to be done for 'all'.
make[3]: Nothing to be done for 'all'.
make[3]: Nothing to be done for 'all'.
make[3]: Nothing to be done for 'all'.
make[3]: Nothing to be done for 'all'.
cd kernel && cargo osdk run --kcmd-args="ostd.log_level=error" --target-arch=x86_64 --release --boot-method="grub-rescue-iso" --grub-boot-protocol=multiboot2 --qemu-args="-accel kvm" --qemu-args="-smp 33"
[Info] [normal] Forwarded QEMU guest port: 54724->22; 45018->8080 61175->6379 7162->5201 21413->31234 34029->31236 44799->11211
[Info] [test] Forwarded QEMU guest port: 12104->22; 53225->8080 30129->6379 39143->5201 35633->31234 7669->31236 58906->11211
warning: unstable feature specified for `-Ctarget-feature`: `ermsb`
  |
  = note: this feature is not stably supported; its behavior can change in the future

warning: `linux-boot-params` (lib) generated 1 warning
warning: `ostd-test` (lib) generated 1 warning (1 duplicate)
warning: `align_ext` (lib) generated 1 warning (1 duplicate)
warning: `typeflags-util` (lib) generated 1 warning (1 duplicate)
warning: `int-to-c-enum` (lib) generated 1 warning (1 duplicate)
warning: `aster-rights` (lib) generated 1 warning (1 duplicate)
warning: `jhash` (lib) generated 1 warning (1 duplicate)
warning: `id-alloc` (lib) generated 1 warning (1 duplicate)
warning: `component` (lib) generated 1 warning (1 duplicate)
warning: `keyable-arc` (lib) generated 1 warning (1 duplicate)
warning: `cpio-decoder` (lib) generated 1 warning (1 duplicate)
warning: unused import: `ptr`
 --> /root/asterinas/ostd/src/orpc/oqueue/ringbuffer/mod.rs:5:5
  |
5 |     ptr,
  |     ^^^
  |
  = note: `#[warn(unused_imports)]` on by default

warning: unused import: `vec::Vec`
  --> /root/asterinas/ostd/src/orpc/oqueue/ringbuffer/mpmc.rs:10:5
   |
10 |     vec::Vec,
   |     ^^^^^^^^

warning: unused imports: `AtomicU64`, `RefUnwindSafe`, `UnsafeCell`, and `UnwindSafe`
  --> /root/asterinas/ostd/src/orpc/oqueue/ringbuffer/mpmc.rs:14:18
   |
14 |     cell::{Cell, UnsafeCell},
   |                  ^^^^^^^^^^
...
18 |     panic::{RefUnwindSafe, UnwindSafe},
   |             ^^^^^^^^^^^^^  ^^^^^^^^^^
19 |     ptr,
20 |     sync::atomic::{AtomicU64, AtomicUsize, Ordering},
   |                    ^^^^^^^^^

warning: unused imports: `UnsafeCell` and `mem::MaybeUninit`
  --> /root/asterinas/ostd/src/orpc/oqueue/ringbuffer/spsc.rs:42:18
   |
42 |     cell::{Cell, UnsafeCell},
   |                  ^^^^^^^^^^
43 |     marker::PhantomData,
44 |     mem::MaybeUninit,
   |     ^^^^^^^^^^^^^^^^

warning: unused import: `UnwindSafe`
  --> /root/asterinas/ostd/src/orpc/oqueue/ringbuffer/spsc.rs:45:28
   |
45 |     panic::{RefUnwindSafe, UnwindSafe},
   |                            ^^^^^^^^^^

warning: unused import: `RefUnwindSafe`
  --> /root/asterinas/ostd/src/orpc/oqueue/ringbuffer/spsc.rs:45:13
   |
45 |     panic::{RefUnwindSafe, UnwindSafe},
   |             ^^^^^^^^^^^^^

warning: unused variable: `waker`
   --> /root/asterinas/ostd/src/orpc/oqueue/ringbuffer/mpmc.rs:860:31
    |
860 |     fn prepare_to_wait(&self, waker: &Arc<Waker>) {
    |                               ^^^^^ help: if this is intentional, prefix it with an underscore: `_waker`
    |
    = note: `#[warn(unused_variables)]` on by default

warning: unused variable: `data`
   --> /root/asterinas/ostd/src/orpc/oqueue/ringbuffer/mpmc.rs:870:27
    |
870 |     fn try_produce(&self, data: T) -> Option<T> {
    |                           ^^^^ help: if this is intentional, prefix it with an underscore: `_data`

warning: unused variable: `waker`
   --> /root/asterinas/ostd/src/orpc/oqueue/ringbuffer/mpmc.rs:887:31
    |
887 |     fn prepare_to_wait(&self, waker: &Arc<Waker>) {
    |                               ^^^^^ help: if this is intentional, prefix it with an underscore: `_waker`

warning: missing documentation for a module
  --> /root/asterinas/ostd/src/orpc/oqueue/mod.rs:11:1
   |
11 | pub mod ringbuffer;
   | ^^^^^^^^^^^^^^^^^^
   |
note: the lint level is defined here
  --> /root/asterinas/ostd/src/lib.rs:26:9
   |
26 | #![warn(missing_docs)]
   |         ^^^^^^^^^^^^

warning: missing documentation for a struct
  --> /root/asterinas/ostd/src/orpc/oqueue/ringbuffer/mpmc.rs:77:1
   |
77 | pub struct MPMCOQueue<T, const STRONG_OBSERVERS: bool = true, const WEAK_OBSERVERS: bool = true> {
   | ^^^^^^^^^^^^^^^^^^^^^^^^^^^^^^^^^^^^^^^^^^^^^^^^^^^^^^^^^^^^^^^^^^^^^^^^^^^^^^^^^^^^^^^^^^^^^^^^

warning: missing documentation for an associated function
   --> /root/asterinas/ostd/src/orpc/oqueue/ringbuffer/mpmc.rs:114:5
    |
114 |     pub fn new(size: usize, max_strong_observers: usize) -> Arc<Self> {
    |     ^^^^^^^^^^^^^^^^^^^^^^^^^^^^^^^^^^^^^^^^^^^^^^^^^^^^^^^^^^^^^^^^^

warning: missing documentation for a method
   --> /root/asterinas/ostd/src/orpc/oqueue/ringbuffer/mpmc.rs:201:5
    |
201 |     pub fn consume(&self) -> T {
    |     ^^^^^^^^^^^^^^^^^^^^^^^^^^

warning: missing documentation for a struct
   --> /root/asterinas/ostd/src/orpc/oqueue/ringbuffer/mpmc.rs:670:1
    |
670 | pub struct Rigtorp<T> {
    | ^^^^^^^^^^^^^^^^^^^^^

warning: `ostd` (lib) generated 15 warnings (1 duplicate) (run `cargo fix --lib -p ostd` to apply 4 suggestions)
warning: `aster-softirq` (lib) generated 1 warning (1 duplicate)
warning: `aster-console` (lib) generated 1 warning (1 duplicate)
warning: `aster-util` (lib) generated 1 warning (1 duplicate)
warning: `aster-block` (lib) generated 1 warning (1 duplicate)
warning: `aster-input` (lib) generated 1 warning (1 duplicate)
warning: `aster-systree` (lib) generated 1 warning (1 duplicate)
warning: `aster-keyboard` (lib) generated 1 warning (1 duplicate)
warning: `osdk-heap-allocator` (lib) generated 1 warning (1 duplicate)
warning: `osdk-frame-allocator` (lib) generated 1 warning (1 duplicate)
warning: `xarray` (lib) generated 1 warning (1 duplicate)
warning: use of deprecated associated function `aes_gcm::aead::generic_array::GenericArray::<T, N>::from_slice`: please upgrade to generic-array 1.x
   --> /root/asterinas/kernel/comps/mlsdisk/src/os/mod.rs:320:37
    |
320 |         let key = Key::<Aes128Gcm>::from_slice(key);
    |                                     ^^^^^^^^^^
    |
    = note: `#[warn(deprecated)]` on by default

warning: use of deprecated associated function `aes_gcm::aead::generic_array::GenericArray::<T, N>::from_slice`: please upgrade to generic-array 1.x
   --> /root/asterinas/kernel/comps/mlsdisk/src/os/mod.rs:321:41
    |
321 |         let nonce = Nonce::<Aes128Gcm>::from_slice(iv);
    |                                         ^^^^^^^^^^

warning: use of deprecated associated function `aes_gcm::aead::generic_array::GenericArray::<T, N>::from_slice`: please upgrade to generic-array 1.x
   --> /root/asterinas/kernel/comps/mlsdisk/src/os/mod.rs:343:37
    |
343 |         let key = Key::<Aes128Gcm>::from_slice(key);
    |                                     ^^^^^^^^^^

warning: use of deprecated associated function `aes_gcm::aead::generic_array::GenericArray::<T, N>::from_slice`: please upgrade to generic-array 1.x
   --> /root/asterinas/kernel/comps/mlsdisk/src/os/mod.rs:344:41
    |
344 |         let nonce = Nonce::<Aes128Gcm>::from_slice(iv);
    |                                         ^^^^^^^^^^

warning: use of deprecated associated function `aes_gcm::aead::generic_array::GenericArray::<T, N>::from_slice`: please upgrade to generic-array 1.x
   --> /root/asterinas/kernel/comps/mlsdisk/src/os/mod.rs:345:37
    |
345 |         let tag = Tag::<Aes128Gcm>::from_slice(mac);
    |                                     ^^^^^^^^^^

warning: `aster-bigtcp` (lib) generated 1 warning (1 duplicate)
warning: `aster-logger` (lib) generated 1 warning (1 duplicate)
warning: `aster-time` (lib) generated 1 warning (1 duplicate)
warning: `aster-mlsdisk` (lib) generated 6 warnings (1 duplicate)
warning: `aster-framebuffer` (lib) generated 1 warning (1 duplicate)
warning: `aster-network` (lib) generated 1 warning (1 duplicate)
warning: `aster-virtio` (lib) generated 1 warning (1 duplicate)
warning: unused import: `spawn_init_process`
  --> /root/asterinas/kernel/src/lib.rs:41:24
   |
41 | use process::{Process, spawn_init_process};
   |                        ^^^^^^^^^^^^^^^^^^
   |
   = note: `#[warn(unused_imports)]` on by default

warning: unused import: `Consumer`
  --> /root/asterinas/kernel/src/lib.rs:39:20
   |
39 |     orpc::oqueue::{Consumer, OQueue, Producer},
   |                    ^^^^^^^^

warning: unused import: `Producer`
  --> /root/asterinas/kernel/src/lib.rs:39:38
   |
39 |     orpc::oqueue::{Consumer, OQueue, Producer},
   |                                      ^^^^^^^^

warning: function `spawn_init_process` is never used
  --> /root/asterinas/kernel/src/process/process/init_proc.rs:27:8
   |
27 | pub fn spawn_init_process(
   |        ^^^^^^^^^^^^^^^^^^
   |
   = note: `#[warn(dead_code)]` on by default

warning: function `create_init_process` is never used
  --> /root/asterinas/kernel/src/process/process/init_proc.rs:47:4
   |
47 | fn create_init_process(
   |    ^^^^^^^^^^^^^^^^^^^

warning: function `set_session_and_group` is never used
  --> /root/asterinas/kernel/src/process/process/init_proc.rs:82:4
   |
82 | fn set_session_and_group(process: &Arc<Process>) {
   |    ^^^^^^^^^^^^^^^^^^^^^

warning: function `create_init_task` is never used
   --> /root/asterinas/kernel/src/process/process/init_proc.rs:100:4
    |
100 | fn create_init_task(
    |    ^^^^^^^^^^^^^^^^

warning: `aster-nix` (lib) generated 8 warnings (1 duplicate) (run `cargo fix --lib -p aster-nix` to apply 1 suggestion)
warning: `aster-nix-osdk-bin` (bin "aster-nix-osdk-bin") generated 1 warning (1 duplicate)
    Finished `release` profile [optimized] target(s) in 1.06s
Running QEMU: Command {
    program: "qemu-system-x86_64",
    args: [
        "qemu-system-x86_64",
        "-drive",
        "file=/root/asterinas/target/osdk/aster-nix/aster-nix-osdk-bin.iso,format=raw,index=2,media=cdrom",
        "-cpu",
        "Icelake-Server,+x2apic",
        "-smp",
        "33",
        "-m",
        "8G",
        "--no-reboot",
        "-nographic",
        "-display",
        "vnc=0.0.0.0:42",
        "-serial",
        "chardev:mux",
        "-monitor",
        "chardev:mux",
        "-machine",
        "q35,kernel-irqchip=split",
        "-accel",
        "kvm",
        "-chardev",
        "stdio,id=mux,mux=on,signal=off,logfile=qemu.log",
        "-netdev",
        "user,id=net01,hostfwd=tcp::54724-:22,hostfwd=tcp::45018-:8080,hostfwd=tcp::61175-:6379,hostfwd=tcp::7162-:5201,hostfwd=tcp::21413-:31234,hostfwd=tcp::34029-:31236,hostfwd=tcp::44799-:11211",
        "-device",
        "isa-debug-exit,iobase=0xf4,iosize=0x04",
        "-device",
        "virtio-blk-pci,bus=pcie.0,addr=0x6,drive=x0,serial=vext2,disable-legacy=on,disable-modern=off,queue-size=64,num-queues=1,request-merging=off,backend_defaults=off,discard=off,write-zeroes=off,event_idx=off,indirect_desc=off,queue_reset=off",
        "-device",
        "virtio-blk-pci,bus=pcie.0,addr=0x7,drive=x1,serial=vexfat,disable-legacy=on,disable-modern=off,queue-size=64,num-queues=1,request-merging=off,backend_defaults=off,discard=off,write-zeroes=off,event_idx=off,indirect_desc=off,queue_reset=off",
        "-device",
        "virtio-net-pci,netdev=net01,disable-legacy=on,disable-modern=off,mrg_rxbuf=off,ctrl_rx=off,ctrl_rx_extra=off,ctrl_vlan=off,ctrl_vq=off,ctrl_guest_offloads=off,ctrl_mac_addr=off,event_idx=off,queue_reset=off,guest_announce=off,indirect_desc=off",
        "-device",
        "virtio-serial-pci,disable-legacy=on,disable-modern=off",
        "-device",
        "virtconsole,chardev=mux",
        "-drive",
        "if=none,format=raw,id=x0,file=./test/build/ext2.img",
        "-drive",
        "if=none,format=raw,id=x1,file=./test/build/exfat.img",
        "-drive",
        "if=pflash,format=raw,unit=0,readonly=on,file=/root/ovmf/release/OVMF_CODE.fd",
        "-drive",
        "if=pflash,format=raw,unit=1,file=/root/ovmf/release/OVMF_VARS.fd",
    ],
    cwd: Some(
        "/root/asterinas",
    ),
    create_pidfd: false,
}
qemu-system-x86_64: warning: host doesn't support requested feature: CPUID.07H:EBX.avx512f [bit 16]
qemu-system-x86_64: warning: host doesn't support requested feature: CPUID.07H:EBX.avx512dq [bit 17]
qemu-system-x86_64: warning: host doesn't support requested feature: CPUID.07H:EBX.clflushopt [bit 23]
qemu-system-x86_64: warning: host doesn't support requested feature: CPUID.07H:EBX.clwb [bit 24]
qemu-system-x86_64: warning: host doesn't support requested feature: CPUID.07H:EBX.avx512cd [bit 28]
qemu-system-x86_64: warning: host doesn't support requested feature: CPUID.07H:EBX.avx512bw [bit 30]
qemu-system-x86_64: warning: host doesn't support requested feature: CPUID.07H:EBX.avx512vl [bit 31]
qemu-system-x86_64: warning: host doesn't support requested feature: CPUID.07H:ECX.avx512vbmi [bit 1]
qemu-system-x86_64: warning: host doesn't support requested feature: CPUID.07H:ECX.pku [bit 3]
qemu-system-x86_64: warning: host doesn't support requested feature: CPUID.07H:ECX.avx512vbmi2 [bit 6]
qemu-system-x86_64: warning: host doesn't support requested feature: CPUID.07H:ECX.gfni [bit 8]
qemu-system-x86_64: warning: host doesn't support requested feature: CPUID.07H:ECX.vaes [bit 9]
qemu-system-x86_64: warning: host doesn't support requested feature: CPUID.07H:ECX.vpclmulqdq [bit 10]
qemu-system-x86_64: warning: host doesn't support requested feature: CPUID.07H:ECX.avx512vnni [bit 11]
qemu-system-x86_64: warning: host doesn't support requested feature: CPUID.07H:ECX.avx512bitalg [bit 12]
qemu-system-x86_64: warning: host doesn't support requested feature: CPUID.07H:ECX.avx512-vpopcntdq [bit 14]
qemu-system-x86_64: warning: host doesn't support requested feature: CPUID.07H:ECX.la57 [bit 16]
qemu-system-x86_64: warning: host doesn't support requested feature: CPUID.80000008H:EBX.wbnoinvd [bit 9]
qemu-system-x86_64: warning: host doesn't support requested feature: CPUID.0DH:EAX.xsavec [bit 1]
qemu-system-x86_64: warning: host doesn't support requested feature: CPUID.0DH:EAX.xgetbv1 [bit 2]
qemu-system-x86_64: warning: host doesn't support requested feature: CPUID.07H:EBX.avx512f [bit 16]
qemu-system-x86_64: warning: host doesn't support requested feature: CPUID.07H:EBX.avx512dq [bit 17]
qemu-system-x86_64: warning: host doesn't support requested feature: CPUID.07H:EBX.clflushopt [bit 23]
qemu-system-x86_64: warning: host doesn't support requested feature: CPUID.07H:EBX.clwb [bit 24]
qemu-system-x86_64: warning: host doesn't support requested feature: CPUID.07H:EBX.avx512cd [bit 28]
qemu-system-x86_64: warning: host doesn't support requested feature: CPUID.07H:EBX.avx512bw [bit 30]
qemu-system-x86_64: warning: host doesn't support requested feature: CPUID.07H:EBX.avx512vl [bit 31]
qemu-system-x86_64: warning: host doesn't support requested feature: CPUID.07H:ECX.avx512vbmi [bit 1]
qemu-system-x86_64: warning: host doesn't support requested feature: CPUID.07H:ECX.pku [bit 3]
qemu-system-x86_64: warning: host doesn't support requested feature: CPUID.07H:ECX.avx512vbmi2 [bit 6]
qemu-system-x86_64: warning: host doesn't support requested feature: CPUID.07H:ECX.gfni [bit 8]
qemu-system-x86_64: warning: host doesn't support requested feature: CPUID.07H:ECX.vaes [bit 9]
qemu-system-x86_64: warning: host doesn't support requested feature: CPUID.07H:ECX.vpclmulqdq [bit 10]
qemu-system-x86_64: warning: host doesn't support requested feature: CPUID.07H:ECX.avx512vnni [bit 11]
qemu-system-x86_64: warning: host doesn't support requested feature: CPUID.07H:ECX.avx512bitalg [bit 12]
qemu-system-x86_64: warning: host doesn't support requested feature: CPUID.07H:ECX.avx512-vpopcntdq [bit 14]
qemu-system-x86_64: warning: host doesn't support requested feature: CPUID.07H:ECX.la57 [bit 16]
qemu-system-x86_64: warning: host doesn't support requested feature: CPUID.80000008H:EBX.wbnoinvd [bit 9]
qemu-system-x86_64: warning: host doesn't support requested feature: CPUID.0DH:EAX.xsavec [bit 1]
qemu-system-x86_64: warning: host doesn't support requested feature: CPUID.0DH:EAX.xgetbv1 [bit 2]
qemu-system-x86_64: warning: host doesn't support requested feature: CPUID.07H:EBX.avx512f [bit 16]
qemu-system-x86_64: warning: host doesn't support requested feature: CPUID.07H:EBX.avx512dq [bit 17]
qemu-system-x86_64: warning: host doesn't support requested feature: CPUID.07H:EBX.clflushopt [bit 23]
qemu-system-x86_64: warning: host doesn't support requested feature: CPUID.07H:EBX.clwb [bit 24]
qemu-system-x86_64: warning: host doesn't support requested feature: CPUID.07H:EBX.avx512cd [bit 28]
qemu-system-x86_64: warning: host doesn't support requested feature: CPUID.07H:EBX.avx512bw [bit 30]
qemu-system-x86_64: warning: host doesn't support requested feature: CPUID.07H:EBX.avx512vl [bit 31]
qemu-system-x86_64: warning: host doesn't support requested feature: CPUID.07H:ECX.avx512vbmi [bit 1]
qemu-system-x86_64: warning: host doesn't support requested feature: CPUID.07H:ECX.pku [bit 3]
qemu-system-x86_64: warning: host doesn't support requested feature: CPUID.07H:ECX.avx512vbmi2 [bit 6]
qemu-system-x86_64: warning: host doesn't support requested feature: CPUID.07H:ECX.gfni [bit 8]
qemu-system-x86_64: warning: host doesn't support requested feature: CPUID.07H:ECX.vaes [bit 9]
qemu-system-x86_64: warning: host doesn't support requested feature: CPUID.07H:ECX.vpclmulqdq [bit 10]
qemu-system-x86_64: warning: host doesn't support requested feature: CPUID.07H:ECX.avx512vnni [bit 11]
qemu-system-x86_64: warning: host doesn't support requested feature: CPUID.07H:ECX.avx512bitalg [bit 12]
qemu-system-x86_64: warning: host doesn't support requested feature: CPUID.07H:ECX.avx512-vpopcntdq [bit 14]
qemu-system-x86_64: warning: host doesn't support requested feature: CPUID.07H:ECX.la57 [bit 16]
qemu-system-x86_64: warning: host doesn't support requested feature: CPUID.80000008H:EBX.wbnoinvd [bit 9]
qemu-system-x86_64: warning: host doesn't support requested feature: CPUID.0DH:EAX.xsavec [bit 1]
qemu-system-x86_64: warning: host doesn't support requested feature: CPUID.0DH:EAX.xgetbv1 [bit 2]
qemu-system-x86_64: warning: host doesn't support requested feature: CPUID.07H:EBX.avx512f [bit 16]
qemu-system-x86_64: warning: host doesn't support requested feature: CPUID.07H:EBX.avx512dq [bit 17]
qemu-system-x86_64: warning: host doesn't support requested feature: CPUID.07H:EBX.clflushopt [bit 23]
qemu-system-x86_64: warning: host doesn't support requested feature: CPUID.07H:EBX.clwb [bit 24]
qemu-system-x86_64: warning: host doesn't support requested feature: CPUID.07H:EBX.avx512cd [bit 28]
qemu-system-x86_64: warning: host doesn't support requested feature: CPUID.07H:EBX.avx512bw [bit 30]
qemu-system-x86_64: warning: host doesn't support requested feature: CPUID.07H:EBX.avx512vl [bit 31]
qemu-system-x86_64: warning: host doesn't support requested feature: CPUID.07H:ECX.avx512vbmi [bit 1]
qemu-system-x86_64: warning: host doesn't support requested feature: CPUID.07H:ECX.pku [bit 3]
qemu-system-x86_64: warning: host doesn't support requested feature: CPUID.07H:ECX.avx512vbmi2 [bit 6]
qemu-system-x86_64: warning: host doesn't support requested feature: CPUID.07H:ECX.gfni [bit 8]
qemu-system-x86_64: warning: host doesn't support requested feature: CPUID.07H:ECX.vaes [bit 9]
qemu-system-x86_64: warning: host doesn't support requested feature: CPUID.07H:ECX.vpclmulqdq [bit 10]
qemu-system-x86_64: warning: host doesn't support requested feature: CPUID.07H:ECX.avx512vnni [bit 11]
qemu-system-x86_64: warning: host doesn't support requested feature: CPUID.07H:ECX.avx512bitalg [bit 12]
qemu-system-x86_64: warning: host doesn't support requested feature: CPUID.07H:ECX.avx512-vpopcntdq [bit 14]
qemu-system-x86_64: warning: host doesn't support requested feature: CPUID.07H:ECX.la57 [bit 16]
qemu-system-x86_64: warning: host doesn't support requested feature: CPUID.80000008H:EBX.wbnoinvd [bit 9]
qemu-system-x86_64: warning: host doesn't support requested feature: CPUID.0DH:EAX.xsavec [bit 1]
qemu-system-x86_64: warning: host doesn't support requested feature: CPUID.0DH:EAX.xgetbv1 [bit 2]
qemu-system-x86_64: warning: host doesn't support requested feature: CPUID.07H:EBX.avx512f [bit 16]
qemu-system-x86_64: warning: host doesn't support requested feature: CPUID.07H:EBX.avx512dq [bit 17]
qemu-system-x86_64: warning: host doesn't support requested feature: CPUID.07H:EBX.clflushopt [bit 23]
qemu-system-x86_64: warning: host doesn't support requested feature: CPUID.07H:EBX.clwb [bit 24]
qemu-system-x86_64: warning: host doesn't support requested feature: CPUID.07H:EBX.avx512cd [bit 28]
qemu-system-x86_64: warning: host doesn't support requested feature: CPUID.07H:EBX.avx512bw [bit 30]
qemu-system-x86_64: warning: host doesn't support requested feature: CPUID.07H:EBX.avx512vl [bit 31]
qemu-system-x86_64: warning: host doesn't support requested feature: CPUID.07H:ECX.avx512vbmi [bit 1]
qemu-system-x86_64: warning: host doesn't support requested feature: CPUID.07H:ECX.pku [bit 3]
qemu-system-x86_64: warning: host doesn't support requested feature: CPUID.07H:ECX.avx512vbmi2 [bit 6]
qemu-system-x86_64: warning: host doesn't support requested feature: CPUID.07H:ECX.gfni [bit 8]
qemu-system-x86_64: warning: host doesn't support requested feature: CPUID.07H:ECX.vaes [bit 9]
qemu-system-x86_64: warning: host doesn't support requested feature: CPUID.07H:ECX.vpclmulqdq [bit 10]
qemu-system-x86_64: warning: host doesn't support requested feature: CPUID.07H:ECX.avx512vnni [bit 11]
qemu-system-x86_64: warning: host doesn't support requested feature: CPUID.07H:ECX.avx512bitalg [bit 12]
qemu-system-x86_64: warning: host doesn't support requested feature: CPUID.07H:ECX.avx512-vpopcntdq [bit 14]
qemu-system-x86_64: warning: host doesn't support requested feature: CPUID.07H:ECX.la57 [bit 16]
qemu-system-x86_64: warning: host doesn't support requested feature: CPUID.80000008H:EBX.wbnoinvd [bit 9]
qemu-system-x86_64: warning: host doesn't support requested feature: CPUID.0DH:EAX.xsavec [bit 1]
qemu-system-x86_64: warning: host doesn't support requested feature: CPUID.0DH:EAX.xgetbv1 [bit 2]
qemu-system-x86_64: warning: host doesn't support requested feature: CPUID.07H:EBX.avx512f [bit 16]
qemu-system-x86_64: warning: host doesn't support requested feature: CPUID.07H:EBX.avx512dq [bit 17]
qemu-system-x86_64: warning: host doesn't support requested feature: CPUID.07H:EBX.clflushopt [bit 23]
qemu-system-x86_64: warning: host doesn't support requested feature: CPUID.07H:EBX.clwb [bit 24]
qemu-system-x86_64: warning: host doesn't support requested feature: CPUID.07H:EBX.avx512cd [bit 28]
qemu-system-x86_64: warning: host doesn't support requested feature: CPUID.07H:EBX.avx512bw [bit 30]
qemu-system-x86_64: warning: host doesn't support requested feature: CPUID.07H:EBX.avx512vl [bit 31]
qemu-system-x86_64: warning: host doesn't support requested feature: CPUID.07H:ECX.avx512vbmi [bit 1]
qemu-system-x86_64: warning: host doesn't support requested feature: CPUID.07H:ECX.pku [bit 3]
qemu-system-x86_64: warning: host doesn't support requested feature: CPUID.07H:ECX.avx512vbmi2 [bit 6]
qemu-system-x86_64: warning: host doesn't support requested feature: CPUID.07H:ECX.gfni [bit 8]
qemu-system-x86_64: warning: host doesn't support requested feature: CPUID.07H:ECX.vaes [bit 9]
qemu-system-x86_64: warning: host doesn't support requested feature: CPUID.07H:ECX.vpclmulqdq [bit 10]
qemu-system-x86_64: warning: host doesn't support requested feature: CPUID.07H:ECX.avx512vnni [bit 11]
qemu-system-x86_64: warning: host doesn't support requested feature: CPUID.07H:ECX.avx512bitalg [bit 12]
qemu-system-x86_64: warning: host doesn't support requested feature: CPUID.07H:ECX.avx512-vpopcntdq [bit 14]
qemu-system-x86_64: warning: host doesn't support requested feature: CPUID.07H:ECX.la57 [bit 16]
qemu-system-x86_64: warning: host doesn't support requested feature: CPUID.80000008H:EBX.wbnoinvd [bit 9]
qemu-system-x86_64: warning: host doesn't support requested feature: CPUID.0DH:EAX.xsavec [bit 1]
qemu-system-x86_64: warning: host doesn't support requested feature: CPUID.0DH:EAX.xgetbv1 [bit 2]
qemu-system-x86_64: warning: host doesn't support requested feature: CPUID.07H:EBX.avx512f [bit 16]
qemu-system-x86_64: warning: host doesn't support requested feature: CPUID.07H:EBX.avx512dq [bit 17]
qemu-system-x86_64: warning: host doesn't support requested feature: CPUID.07H:EBX.clflushopt [bit 23]
qemu-system-x86_64: warning: host doesn't support requested feature: CPUID.07H:EBX.clwb [bit 24]
qemu-system-x86_64: warning: host doesn't support requested feature: CPUID.07H:EBX.avx512cd [bit 28]
qemu-system-x86_64: warning: host doesn't support requested feature: CPUID.07H:EBX.avx512bw [bit 30]
qemu-system-x86_64: warning: host doesn't support requested feature: CPUID.07H:EBX.avx512vl [bit 31]
qemu-system-x86_64: warning: host doesn't support requested feature: CPUID.07H:ECX.avx512vbmi [bit 1]
qemu-system-x86_64: warning: host doesn't support requested feature: CPUID.07H:ECX.pku [bit 3]
qemu-system-x86_64: warning: host doesn't support requested feature: CPUID.07H:ECX.avx512vbmi2 [bit 6]
qemu-system-x86_64: warning: host doesn't support requested feature: CPUID.07H:ECX.gfni [bit 8]
qemu-system-x86_64: warning: host doesn't support requested feature: CPUID.07H:ECX.vaes [bit 9]
qemu-system-x86_64: warning: host doesn't support requested feature: CPUID.07H:ECX.vpclmulqdq [bit 10]
qemu-system-x86_64: warning: host doesn't support requested feature: CPUID.07H:ECX.avx512vnni [bit 11]
qemu-system-x86_64: warning: host doesn't support requested feature: CPUID.07H:ECX.avx512bitalg [bit 12]
qemu-system-x86_64: warning: host doesn't support requested feature: CPUID.07H:ECX.avx512-vpopcntdq [bit 14]
qemu-system-x86_64: warning: host doesn't support requested feature: CPUID.07H:ECX.la57 [bit 16]
qemu-system-x86_64: warning: host doesn't support requested feature: CPUID.80000008H:EBX.wbnoinvd [bit 9]
qemu-system-x86_64: warning: host doesn't support requested feature: CPUID.0DH:EAX.xsavec [bit 1]
qemu-system-x86_64: warning: host doesn't support requested feature: CPUID.0DH:EAX.xgetbv1 [bit 2]
qemu-system-x86_64: warning: host doesn't support requested feature: CPUID.07H:EBX.avx512f [bit 16]
qemu-system-x86_64: warning: host doesn't support requested feature: CPUID.07H:EBX.avx512dq [bit 17]
qemu-system-x86_64: warning: host doesn't support requested feature: CPUID.07H:EBX.clflushopt [bit 23]
qemu-system-x86_64: warning: host doesn't support requested feature: CPUID.07H:EBX.clwb [bit 24]
qemu-system-x86_64: warning: host doesn't support requested feature: CPUID.07H:EBX.avx512cd [bit 28]
qemu-system-x86_64: warning: host doesn't support requested feature: CPUID.07H:EBX.avx512bw [bit 30]
qemu-system-x86_64: warning: host doesn't support requested feature: CPUID.07H:EBX.avx512vl [bit 31]
qemu-system-x86_64: warning: host doesn't support requested feature: CPUID.07H:ECX.avx512vbmi [bit 1]
qemu-system-x86_64: warning: host doesn't support requested feature: CPUID.07H:ECX.pku [bit 3]
qemu-system-x86_64: warning: host doesn't support requested feature: CPUID.07H:ECX.avx512vbmi2 [bit 6]
qemu-system-x86_64: warning: host doesn't support requested feature: CPUID.07H:ECX.gfni [bit 8]
qemu-system-x86_64: warning: host doesn't support requested feature: CPUID.07H:ECX.vaes [bit 9]
qemu-system-x86_64: warning: host doesn't support requested feature: CPUID.07H:ECX.vpclmulqdq [bit 10]
qemu-system-x86_64: warning: host doesn't support requested feature: CPUID.07H:ECX.avx512vnni [bit 11]
qemu-system-x86_64: warning: host doesn't support requested feature: CPUID.07H:ECX.avx512bitalg [bit 12]
qemu-system-x86_64: warning: host doesn't support requested feature: CPUID.07H:ECX.avx512-vpopcntdq [bit 14]
qemu-system-x86_64: warning: host doesn't support requested feature: CPUID.07H:ECX.la57 [bit 16]
qemu-system-x86_64: warning: host doesn't support requested feature: CPUID.80000008H:EBX.wbnoinvd [bit 9]
qemu-system-x86_64: warning: host doesn't support requested feature: CPUID.0DH:EAX.xsavec [bit 1]
qemu-system-x86_64: warning: host doesn't support requested feature: CPUID.0DH:EAX.xgetbv1 [bit 2]
qemu-system-x86_64: warning: host doesn't support requested feature: CPUID.07H:EBX.avx512f [bit 16]
qemu-system-x86_64: warning: host doesn't support requested feature: CPUID.07H:EBX.avx512dq [bit 17]
qemu-system-x86_64: warning: host doesn't support requested feature: CPUID.07H:EBX.clflushopt [bit 23]
qemu-system-x86_64: warning: host doesn't support requested feature: CPUID.07H:EBX.clwb [bit 24]
qemu-system-x86_64: warning: host doesn't support requested feature: CPUID.07H:EBX.avx512cd [bit 28]
qemu-system-x86_64: warning: host doesn't support requested feature: CPUID.07H:EBX.avx512bw [bit 30]
qemu-system-x86_64: warning: host doesn't support requested feature: CPUID.07H:EBX.avx512vl [bit 31]
qemu-system-x86_64: warning: host doesn't support requested feature: CPUID.07H:ECX.avx512vbmi [bit 1]
qemu-system-x86_64: warning: host doesn't support requested feature: CPUID.07H:ECX.pku [bit 3]
qemu-system-x86_64: warning: host doesn't support requested feature: CPUID.07H:ECX.avx512vbmi2 [bit 6]
qemu-system-x86_64: warning: host doesn't support requested feature: CPUID.07H:ECX.gfni [bit 8]
qemu-system-x86_64: warning: host doesn't support requested feature: CPUID.07H:ECX.vaes [bit 9]
qemu-system-x86_64: warning: host doesn't support requested feature: CPUID.07H:ECX.vpclmulqdq [bit 10]
qemu-system-x86_64: warning: host doesn't support requested feature: CPUID.07H:ECX.avx512vnni [bit 11]
qemu-system-x86_64: warning: host doesn't support requested feature: CPUID.07H:ECX.avx512bitalg [bit 12]
qemu-system-x86_64: warning: host doesn't support requested feature: CPUID.07H:ECX.avx512-vpopcntdq [bit 14]
qemu-system-x86_64: warning: host doesn't support requested feature: CPUID.07H:ECX.la57 [bit 16]
qemu-system-x86_64: warning: host doesn't support requested feature: CPUID.80000008H:EBX.wbnoinvd [bit 9]
qemu-system-x86_64: warning: host doesn't support requested feature: CPUID.0DH:EAX.xsavec [bit 1]
qemu-system-x86_64: warning: host doesn't support requested feature: CPUID.0DH:EAX.xgetbv1 [bit 2]
qemu-system-x86_64: warning: host doesn't support requested feature: CPUID.07H:EBX.avx512f [bit 16]
qemu-system-x86_64: warning: host doesn't support requested feature: CPUID.07H:EBX.avx512dq [bit 17]
qemu-system-x86_64: warning: host doesn't support requested feature: CPUID.07H:EBX.clflushopt [bit 23]
qemu-system-x86_64: warning: host doesn't support requested feature: CPUID.07H:EBX.clwb [bit 24]
qemu-system-x86_64: warning: host doesn't support requested feature: CPUID.07H:EBX.avx512cd [bit 28]
qemu-system-x86_64: warning: host doesn't support requested feature: CPUID.07H:EBX.avx512bw [bit 30]
qemu-system-x86_64: warning: host doesn't support requested feature: CPUID.07H:EBX.avx512vl [bit 31]
qemu-system-x86_64: warning: host doesn't support requested feature: CPUID.07H:ECX.avx512vbmi [bit 1]
qemu-system-x86_64: warning: host doesn't support requested feature: CPUID.07H:ECX.pku [bit 3]
qemu-system-x86_64: warning: host doesn't support requested feature: CPUID.07H:ECX.avx512vbmi2 [bit 6]
qemu-system-x86_64: warning: host doesn't support requested feature: CPUID.07H:ECX.gfni [bit 8]
qemu-system-x86_64: warning: host doesn't support requested feature: CPUID.07H:ECX.vaes [bit 9]
qemu-system-x86_64: warning: host doesn't support requested feature: CPUID.07H:ECX.vpclmulqdq [bit 10]
qemu-system-x86_64: warning: host doesn't support requested feature: CPUID.07H:ECX.avx512vnni [bit 11]
qemu-system-x86_64: warning: host doesn't support requested feature: CPUID.07H:ECX.avx512bitalg [bit 12]
qemu-system-x86_64: warning: host doesn't support requested feature: CPUID.07H:ECX.avx512-vpopcntdq [bit 14]
qemu-system-x86_64: warning: host doesn't support requested feature: CPUID.07H:ECX.la57 [bit 16]
qemu-system-x86_64: warning: host doesn't support requested feature: CPUID.80000008H:EBX.wbnoinvd [bit 9]
qemu-system-x86_64: warning: host doesn't support requested feature: CPUID.0DH:EAX.xsavec [bit 1]
qemu-system-x86_64: warning: host doesn't support requested feature: CPUID.0DH:EAX.xgetbv1 [bit 2]
qemu-system-x86_64: warning: host doesn't support requested feature: CPUID.07H:EBX.avx512f [bit 16]
qemu-system-x86_64: warning: host doesn't support requested feature: CPUID.07H:EBX.avx512dq [bit 17]
qemu-system-x86_64: warning: host doesn't support requested feature: CPUID.07H:EBX.clflushopt [bit 23]
qemu-system-x86_64: warning: host doesn't support requested feature: CPUID.07H:EBX.clwb [bit 24]
qemu-system-x86_64: warning: host doesn't support requested feature: CPUID.07H:EBX.avx512cd [bit 28]
qemu-system-x86_64: warning: host doesn't support requested feature: CPUID.07H:EBX.avx512bw [bit 30]
qemu-system-x86_64: warning: host doesn't support requested feature: CPUID.07H:EBX.avx512vl [bit 31]
qemu-system-x86_64: warning: host doesn't support requested feature: CPUID.07H:ECX.avx512vbmi [bit 1]
qemu-system-x86_64: warning: host doesn't support requested feature: CPUID.07H:ECX.pku [bit 3]
qemu-system-x86_64: warning: host doesn't support requested feature: CPUID.07H:ECX.avx512vbmi2 [bit 6]
qemu-system-x86_64: warning: host doesn't support requested feature: CPUID.07H:ECX.gfni [bit 8]
qemu-system-x86_64: warning: host doesn't support requested feature: CPUID.07H:ECX.vaes [bit 9]
qemu-system-x86_64: warning: host doesn't support requested feature: CPUID.07H:ECX.vpclmulqdq [bit 10]
qemu-system-x86_64: warning: host doesn't support requested feature: CPUID.07H:ECX.avx512vnni [bit 11]
qemu-system-x86_64: warning: host doesn't support requested feature: CPUID.07H:ECX.avx512bitalg [bit 12]
qemu-system-x86_64: warning: host doesn't support requested feature: CPUID.07H:ECX.avx512-vpopcntdq [bit 14]
qemu-system-x86_64: warning: host doesn't support requested feature: CPUID.07H:ECX.la57 [bit 16]
qemu-system-x86_64: warning: host doesn't support requested feature: CPUID.80000008H:EBX.wbnoinvd [bit 9]
qemu-system-x86_64: warning: host doesn't support requested feature: CPUID.0DH:EAX.xsavec [bit 1]
qemu-system-x86_64: warning: host doesn't support requested feature: CPUID.0DH:EAX.xgetbv1 [bit 2]
qemu-system-x86_64: warning: host doesn't support requested feature: CPUID.07H:EBX.avx512f [bit 16]
qemu-system-x86_64: warning: host doesn't support requested feature: CPUID.07H:EBX.avx512dq [bit 17]
qemu-system-x86_64: warning: host doesn't support requested feature: CPUID.07H:EBX.clflushopt [bit 23]
qemu-system-x86_64: warning: host doesn't support requested feature: CPUID.07H:EBX.clwb [bit 24]
qemu-system-x86_64: warning: host doesn't support requested feature: CPUID.07H:EBX.avx512cd [bit 28]
qemu-system-x86_64: warning: host doesn't support requested feature: CPUID.07H:EBX.avx512bw [bit 30]
qemu-system-x86_64: warning: host doesn't support requested feature: CPUID.07H:EBX.avx512vl [bit 31]
qemu-system-x86_64: warning: host doesn't support requested feature: CPUID.07H:ECX.avx512vbmi [bit 1]
qemu-system-x86_64: warning: host doesn't support requested feature: CPUID.07H:ECX.pku [bit 3]
qemu-system-x86_64: warning: host doesn't support requested feature: CPUID.07H:ECX.avx512vbmi2 [bit 6]
qemu-system-x86_64: warning: host doesn't support requested feature: CPUID.07H:ECX.gfni [bit 8]
qemu-system-x86_64: warning: host doesn't support requested feature: CPUID.07H:ECX.vaes [bit 9]
qemu-system-x86_64: warning: host doesn't support requested feature: CPUID.07H:ECX.vpclmulqdq [bit 10]
qemu-system-x86_64: warning: host doesn't support requested feature: CPUID.07H:ECX.avx512vnni [bit 11]
qemu-system-x86_64: warning: host doesn't support requested feature: CPUID.07H:ECX.avx512bitalg [bit 12]
qemu-system-x86_64: warning: host doesn't support requested feature: CPUID.07H:ECX.avx512-vpopcntdq [bit 14]
qemu-system-x86_64: warning: host doesn't support requested feature: CPUID.07H:ECX.la57 [bit 16]
qemu-system-x86_64: warning: host doesn't support requested feature: CPUID.80000008H:EBX.wbnoinvd [bit 9]
qemu-system-x86_64: warning: host doesn't support requested feature: CPUID.0DH:EAX.xsavec [bit 1]
qemu-system-x86_64: warning: host doesn't support requested feature: CPUID.0DH:EAX.xgetbv1 [bit 2]
qemu-system-x86_64: warning: host doesn't support requested feature: CPUID.07H:EBX.avx512f [bit 16]
qemu-system-x86_64: warning: host doesn't support requested feature: CPUID.07H:EBX.avx512dq [bit 17]
qemu-system-x86_64: warning: host doesn't support requested feature: CPUID.07H:EBX.clflushopt [bit 23]
qemu-system-x86_64: warning: host doesn't support requested feature: CPUID.07H:EBX.clwb [bit 24]
qemu-system-x86_64: warning: host doesn't support requested feature: CPUID.07H:EBX.avx512cd [bit 28]
qemu-system-x86_64: warning: host doesn't support requested feature: CPUID.07H:EBX.avx512bw [bit 30]
qemu-system-x86_64: warning: host doesn't support requested feature: CPUID.07H:EBX.avx512vl [bit 31]
qemu-system-x86_64: warning: host doesn't support requested feature: CPUID.07H:ECX.avx512vbmi [bit 1]
qemu-system-x86_64: warning: host doesn't support requested feature: CPUID.07H:ECX.pku [bit 3]
qemu-system-x86_64: warning: host doesn't support requested feature: CPUID.07H:ECX.avx512vbmi2 [bit 6]
qemu-system-x86_64: warning: host doesn't support requested feature: CPUID.07H:ECX.gfni [bit 8]
qemu-system-x86_64: warning: host doesn't support requested feature: CPUID.07H:ECX.vaes [bit 9]
qemu-system-x86_64: warning: host doesn't support requested feature: CPUID.07H:ECX.vpclmulqdq [bit 10]
qemu-system-x86_64: warning: host doesn't support requested feature: CPUID.07H:ECX.avx512vnni [bit 11]
qemu-system-x86_64: warning: host doesn't support requested feature: CPUID.07H:ECX.avx512bitalg [bit 12]
qemu-system-x86_64: warning: host doesn't support requested feature: CPUID.07H:ECX.avx512-vpopcntdq [bit 14]
qemu-system-x86_64: warning: host doesn't support requested feature: CPUID.07H:ECX.la57 [bit 16]
qemu-system-x86_64: warning: host doesn't support requested feature: CPUID.80000008H:EBX.wbnoinvd [bit 9]
qemu-system-x86_64: warning: host doesn't support requested feature: CPUID.0DH:EAX.xsavec [bit 1]
qemu-system-x86_64: warning: host doesn't support requested feature: CPUID.0DH:EAX.xgetbv1 [bit 2]
qemu-system-x86_64: warning: host doesn't support requested feature: CPUID.07H:EBX.avx512f [bit 16]
qemu-system-x86_64: warning: host doesn't support requested feature: CPUID.07H:EBX.avx512dq [bit 17]
qemu-system-x86_64: warning: host doesn't support requested feature: CPUID.07H:EBX.clflushopt [bit 23]
qemu-system-x86_64: warning: host doesn't support requested feature: CPUID.07H:EBX.clwb [bit 24]
qemu-system-x86_64: warning: host doesn't support requested feature: CPUID.07H:EBX.avx512cd [bit 28]
qemu-system-x86_64: warning: host doesn't support requested feature: CPUID.07H:EBX.avx512bw [bit 30]
qemu-system-x86_64: warning: host doesn't support requested feature: CPUID.07H:EBX.avx512vl [bit 31]
qemu-system-x86_64: warning: host doesn't support requested feature: CPUID.07H:ECX.avx512vbmi [bit 1]
qemu-system-x86_64: warning: host doesn't support requested feature: CPUID.07H:ECX.pku [bit 3]
qemu-system-x86_64: warning: host doesn't support requested feature: CPUID.07H:ECX.avx512vbmi2 [bit 6]
qemu-system-x86_64: warning: host doesn't support requested feature: CPUID.07H:ECX.gfni [bit 8]
qemu-system-x86_64: warning: host doesn't support requested feature: CPUID.07H:ECX.vaes [bit 9]
qemu-system-x86_64: warning: host doesn't support requested feature: CPUID.07H:ECX.vpclmulqdq [bit 10]
qemu-system-x86_64: warning: host doesn't support requested feature: CPUID.07H:ECX.avx512vnni [bit 11]
qemu-system-x86_64: warning: host doesn't support requested feature: CPUID.07H:ECX.avx512bitalg [bit 12]
qemu-system-x86_64: warning: host doesn't support requested feature: CPUID.07H:ECX.avx512-vpopcntdq [bit 14]
qemu-system-x86_64: warning: host doesn't support requested feature: CPUID.07H:ECX.la57 [bit 16]
qemu-system-x86_64: warning: host doesn't support requested feature: CPUID.80000008H:EBX.wbnoinvd [bit 9]
qemu-system-x86_64: warning: host doesn't support requested feature: CPUID.0DH:EAX.xsavec [bit 1]
qemu-system-x86_64: warning: host doesn't support requested feature: CPUID.0DH:EAX.xgetbv1 [bit 2]
qemu-system-x86_64: warning: host doesn't support requested feature: CPUID.07H:EBX.avx512f [bit 16]
qemu-system-x86_64: warning: host doesn't support requested feature: CPUID.07H:EBX.avx512dq [bit 17]
qemu-system-x86_64: warning: host doesn't support requested feature: CPUID.07H:EBX.clflushopt [bit 23]
qemu-system-x86_64: warning: host doesn't support requested feature: CPUID.07H:EBX.clwb [bit 24]
qemu-system-x86_64: warning: host doesn't support requested feature: CPUID.07H:EBX.avx512cd [bit 28]
qemu-system-x86_64: warning: host doesn't support requested feature: CPUID.07H:EBX.avx512bw [bit 30]
qemu-system-x86_64: warning: host doesn't support requested feature: CPUID.07H:EBX.avx512vl [bit 31]
qemu-system-x86_64: warning: host doesn't support requested feature: CPUID.07H:ECX.avx512vbmi [bit 1]
qemu-system-x86_64: warning: host doesn't support requested feature: CPUID.07H:ECX.pku [bit 3]
qemu-system-x86_64: warning: host doesn't support requested feature: CPUID.07H:ECX.avx512vbmi2 [bit 6]
qemu-system-x86_64: warning: host doesn't support requested feature: CPUID.07H:ECX.gfni [bit 8]
qemu-system-x86_64: warning: host doesn't support requested feature: CPUID.07H:ECX.vaes [bit 9]
qemu-system-x86_64: warning: host doesn't support requested feature: CPUID.07H:ECX.vpclmulqdq [bit 10]
qemu-system-x86_64: warning: host doesn't support requested feature: CPUID.07H:ECX.avx512vnni [bit 11]
qemu-system-x86_64: warning: host doesn't support requested feature: CPUID.07H:ECX.avx512bitalg [bit 12]
qemu-system-x86_64: warning: host doesn't support requested feature: CPUID.07H:ECX.avx512-vpopcntdq [bit 14]
qemu-system-x86_64: warning: host doesn't support requested feature: CPUID.07H:ECX.la57 [bit 16]
qemu-system-x86_64: warning: host doesn't support requested feature: CPUID.80000008H:EBX.wbnoinvd [bit 9]
qemu-system-x86_64: warning: host doesn't support requested feature: CPUID.0DH:EAX.xsavec [bit 1]
qemu-system-x86_64: warning: host doesn't support requested feature: CPUID.0DH:EAX.xgetbv1 [bit 2]
qemu-system-x86_64: warning: host doesn't support requested feature: CPUID.07H:EBX.avx512f [bit 16]
qemu-system-x86_64: warning: host doesn't support requested feature: CPUID.07H:EBX.avx512dq [bit 17]
qemu-system-x86_64: warning: host doesn't support requested feature: CPUID.07H:EBX.clflushopt [bit 23]
qemu-system-x86_64: warning: host doesn't support requested feature: CPUID.07H:EBX.clwb [bit 24]
qemu-system-x86_64: warning: host doesn't support requested feature: CPUID.07H:EBX.avx512cd [bit 28]
qemu-system-x86_64: warning: host doesn't support requested feature: CPUID.07H:EBX.avx512bw [bit 30]
qemu-system-x86_64: warning: host doesn't support requested feature: CPUID.07H:EBX.avx512vl [bit 31]
qemu-system-x86_64: warning: host doesn't support requested feature: CPUID.07H:ECX.avx512vbmi [bit 1]
qemu-system-x86_64: warning: host doesn't support requested feature: CPUID.07H:ECX.pku [bit 3]
qemu-system-x86_64: warning: host doesn't support requested feature: CPUID.07H:ECX.avx512vbmi2 [bit 6]
qemu-system-x86_64: warning: host doesn't support requested feature: CPUID.07H:ECX.gfni [bit 8]
qemu-system-x86_64: warning: host doesn't support requested feature: CPUID.07H:ECX.vaes [bit 9]
qemu-system-x86_64: warning: host doesn't support requested feature: CPUID.07H:ECX.vpclmulqdq [bit 10]
qemu-system-x86_64: warning: host doesn't support requested feature: CPUID.07H:ECX.avx512vnni [bit 11]
qemu-system-x86_64: warning: host doesn't support requested feature: CPUID.07H:ECX.avx512bitalg [bit 12]
qemu-system-x86_64: warning: host doesn't support requested feature: CPUID.07H:ECX.avx512-vpopcntdq [bit 14]
qemu-system-x86_64: warning: host doesn't support requested feature: CPUID.07H:ECX.la57 [bit 16]
qemu-system-x86_64: warning: host doesn't support requested feature: CPUID.80000008H:EBX.wbnoinvd [bit 9]
qemu-system-x86_64: warning: host doesn't support requested feature: CPUID.0DH:EAX.xsavec [bit 1]
qemu-system-x86_64: warning: host doesn't support requested feature: CPUID.0DH:EAX.xgetbv1 [bit 2]
qemu-system-x86_64: warning: host doesn't support requested feature: CPUID.07H:EBX.avx512f [bit 16]
qemu-system-x86_64: warning: host doesn't support requested feature: CPUID.07H:EBX.avx512dq [bit 17]
qemu-system-x86_64: warning: host doesn't support requested feature: CPUID.07H:EBX.clflushopt [bit 23]
qemu-system-x86_64: warning: host doesn't support requested feature: CPUID.07H:EBX.clwb [bit 24]
qemu-system-x86_64: warning: host doesn't support requested feature: CPUID.07H:EBX.avx512cd [bit 28]
qemu-system-x86_64: warning: host doesn't support requested feature: CPUID.07H:EBX.avx512bw [bit 30]
qemu-system-x86_64: warning: host doesn't support requested feature: CPUID.07H:EBX.avx512vl [bit 31]
qemu-system-x86_64: warning: host doesn't support requested feature: CPUID.07H:ECX.avx512vbmi [bit 1]
qemu-system-x86_64: warning: host doesn't support requested feature: CPUID.07H:ECX.pku [bit 3]
qemu-system-x86_64: warning: host doesn't support requested feature: CPUID.07H:ECX.avx512vbmi2 [bit 6]
qemu-system-x86_64: warning: host doesn't support requested feature: CPUID.07H:ECX.gfni [bit 8]
qemu-system-x86_64: warning: host doesn't support requested feature: CPUID.07H:ECX.vaes [bit 9]
qemu-system-x86_64: warning: host doesn't support requested feature: CPUID.07H:ECX.vpclmulqdq [bit 10]
qemu-system-x86_64: warning: host doesn't support requested feature: CPUID.07H:ECX.avx512vnni [bit 11]
qemu-system-x86_64: warning: host doesn't support requested feature: CPUID.07H:ECX.avx512bitalg [bit 12]
qemu-system-x86_64: warning: host doesn't support requested feature: CPUID.07H:ECX.avx512-vpopcntdq [bit 14]
qemu-system-x86_64: warning: host doesn't support requested feature: CPUID.07H:ECX.la57 [bit 16]
qemu-system-x86_64: warning: host doesn't support requested feature: CPUID.80000008H:EBX.wbnoinvd [bit 9]
qemu-system-x86_64: warning: host doesn't support requested feature: CPUID.0DH:EAX.xsavec [bit 1]
qemu-system-x86_64: warning: host doesn't support requested feature: CPUID.0DH:EAX.xgetbv1 [bit 2]
qemu-system-x86_64: warning: host doesn't support requested feature: CPUID.07H:EBX.avx512f [bit 16]
qemu-system-x86_64: warning: host doesn't support requested feature: CPUID.07H:EBX.avx512dq [bit 17]
qemu-system-x86_64: warning: host doesn't support requested feature: CPUID.07H:EBX.clflushopt [bit 23]
qemu-system-x86_64: warning: host doesn't support requested feature: CPUID.07H:EBX.clwb [bit 24]
qemu-system-x86_64: warning: host doesn't support requested feature: CPUID.07H:EBX.avx512cd [bit 28]
qemu-system-x86_64: warning: host doesn't support requested feature: CPUID.07H:EBX.avx512bw [bit 30]
qemu-system-x86_64: warning: host doesn't support requested feature: CPUID.07H:EBX.avx512vl [bit 31]
qemu-system-x86_64: warning: host doesn't support requested feature: CPUID.07H:ECX.avx512vbmi [bit 1]
qemu-system-x86_64: warning: host doesn't support requested feature: CPUID.07H:ECX.pku [bit 3]
qemu-system-x86_64: warning: host doesn't support requested feature: CPUID.07H:ECX.avx512vbmi2 [bit 6]
qemu-system-x86_64: warning: host doesn't support requested feature: CPUID.07H:ECX.gfni [bit 8]
qemu-system-x86_64: warning: host doesn't support requested feature: CPUID.07H:ECX.vaes [bit 9]
qemu-system-x86_64: warning: host doesn't support requested feature: CPUID.07H:ECX.vpclmulqdq [bit 10]
qemu-system-x86_64: warning: host doesn't support requested feature: CPUID.07H:ECX.avx512vnni [bit 11]
qemu-system-x86_64: warning: host doesn't support requested feature: CPUID.07H:ECX.avx512bitalg [bit 12]
qemu-system-x86_64: warning: host doesn't support requested feature: CPUID.07H:ECX.avx512-vpopcntdq [bit 14]
qemu-system-x86_64: warning: host doesn't support requested feature: CPUID.07H:ECX.la57 [bit 16]
qemu-system-x86_64: warning: host doesn't support requested feature: CPUID.80000008H:EBX.wbnoinvd [bit 9]
qemu-system-x86_64: warning: host doesn't support requested feature: CPUID.0DH:EAX.xsavec [bit 1]
qemu-system-x86_64: warning: host doesn't support requested feature: CPUID.0DH:EAX.xgetbv1 [bit 2]
qemu-system-x86_64: warning: host doesn't support requested feature: CPUID.07H:EBX.avx512f [bit 16]
qemu-system-x86_64: warning: host doesn't support requested feature: CPUID.07H:EBX.avx512dq [bit 17]
qemu-system-x86_64: warning: host doesn't support requested feature: CPUID.07H:EBX.clflushopt [bit 23]
qemu-system-x86_64: warning: host doesn't support requested feature: CPUID.07H:EBX.clwb [bit 24]
qemu-system-x86_64: warning: host doesn't support requested feature: CPUID.07H:EBX.avx512cd [bit 28]
qemu-system-x86_64: warning: host doesn't support requested feature: CPUID.07H:EBX.avx512bw [bit 30]
qemu-system-x86_64: warning: host doesn't support requested feature: CPUID.07H:EBX.avx512vl [bit 31]
qemu-system-x86_64: warning: host doesn't support requested feature: CPUID.07H:ECX.avx512vbmi [bit 1]
qemu-system-x86_64: warning: host doesn't support requested feature: CPUID.07H:ECX.pku [bit 3]
qemu-system-x86_64: warning: host doesn't support requested feature: CPUID.07H:ECX.avx512vbmi2 [bit 6]
qemu-system-x86_64: warning: host doesn't support requested feature: CPUID.07H:ECX.gfni [bit 8]
qemu-system-x86_64: warning: host doesn't support requested feature: CPUID.07H:ECX.vaes [bit 9]
qemu-system-x86_64: warning: host doesn't support requested feature: CPUID.07H:ECX.vpclmulqdq [bit 10]
qemu-system-x86_64: warning: host doesn't support requested feature: CPUID.07H:ECX.avx512vnni [bit 11]
qemu-system-x86_64: warning: host doesn't support requested feature: CPUID.07H:ECX.avx512bitalg [bit 12]
qemu-system-x86_64: warning: host doesn't support requested feature: CPUID.07H:ECX.avx512-vpopcntdq [bit 14]
qemu-system-x86_64: warning: host doesn't support requested feature: CPUID.07H:ECX.la57 [bit 16]
qemu-system-x86_64: warning: host doesn't support requested feature: CPUID.80000008H:EBX.wbnoinvd [bit 9]
qemu-system-x86_64: warning: host doesn't support requested feature: CPUID.0DH:EAX.xsavec [bit 1]
qemu-system-x86_64: warning: host doesn't support requested feature: CPUID.0DH:EAX.xgetbv1 [bit 2]
qemu-system-x86_64: warning: host doesn't support requested feature: CPUID.07H:EBX.avx512f [bit 16]
qemu-system-x86_64: warning: host doesn't support requested feature: CPUID.07H:EBX.avx512dq [bit 17]
qemu-system-x86_64: warning: host doesn't support requested feature: CPUID.07H:EBX.clflushopt [bit 23]
qemu-system-x86_64: warning: host doesn't support requested feature: CPUID.07H:EBX.clwb [bit 24]
qemu-system-x86_64: warning: host doesn't support requested feature: CPUID.07H:EBX.avx512cd [bit 28]
qemu-system-x86_64: warning: host doesn't support requested feature: CPUID.07H:EBX.avx512bw [bit 30]
qemu-system-x86_64: warning: host doesn't support requested feature: CPUID.07H:EBX.avx512vl [bit 31]
qemu-system-x86_64: warning: host doesn't support requested feature: CPUID.07H:ECX.avx512vbmi [bit 1]
qemu-system-x86_64: warning: host doesn't support requested feature: CPUID.07H:ECX.pku [bit 3]
qemu-system-x86_64: warning: host doesn't support requested feature: CPUID.07H:ECX.avx512vbmi2 [bit 6]
qemu-system-x86_64: warning: host doesn't support requested feature: CPUID.07H:ECX.gfni [bit 8]
qemu-system-x86_64: warning: host doesn't support requested feature: CPUID.07H:ECX.vaes [bit 9]
qemu-system-x86_64: warning: host doesn't support requested feature: CPUID.07H:ECX.vpclmulqdq [bit 10]
qemu-system-x86_64: warning: host doesn't support requested feature: CPUID.07H:ECX.avx512vnni [bit 11]
qemu-system-x86_64: warning: host doesn't support requested feature: CPUID.07H:ECX.avx512bitalg [bit 12]
qemu-system-x86_64: warning: host doesn't support requested feature: CPUID.07H:ECX.avx512-vpopcntdq [bit 14]
qemu-system-x86_64: warning: host doesn't support requested feature: CPUID.07H:ECX.la57 [bit 16]
qemu-system-x86_64: warning: host doesn't support requested feature: CPUID.80000008H:EBX.wbnoinvd [bit 9]
qemu-system-x86_64: warning: host doesn't support requested feature: CPUID.0DH:EAX.xsavec [bit 1]
qemu-system-x86_64: warning: host doesn't support requested feature: CPUID.0DH:EAX.xgetbv1 [bit 2]
qemu-system-x86_64: warning: host doesn't support requested feature: CPUID.07H:EBX.avx512f [bit 16]
qemu-system-x86_64: warning: host doesn't support requested feature: CPUID.07H:EBX.avx512dq [bit 17]
qemu-system-x86_64: warning: host doesn't support requested feature: CPUID.07H:EBX.clflushopt [bit 23]
qemu-system-x86_64: warning: host doesn't support requested feature: CPUID.07H:EBX.clwb [bit 24]
qemu-system-x86_64: warning: host doesn't support requested feature: CPUID.07H:EBX.avx512cd [bit 28]
qemu-system-x86_64: warning: host doesn't support requested feature: CPUID.07H:EBX.avx512bw [bit 30]
qemu-system-x86_64: warning: host doesn't support requested feature: CPUID.07H:EBX.avx512vl [bit 31]
qemu-system-x86_64: warning: host doesn't support requested feature: CPUID.07H:ECX.avx512vbmi [bit 1]
qemu-system-x86_64: warning: host doesn't support requested feature: CPUID.07H:ECX.pku [bit 3]
qemu-system-x86_64: warning: host doesn't support requested feature: CPUID.07H:ECX.avx512vbmi2 [bit 6]
qemu-system-x86_64: warning: host doesn't support requested feature: CPUID.07H:ECX.gfni [bit 8]
qemu-system-x86_64: warning: host doesn't support requested feature: CPUID.07H:ECX.vaes [bit 9]
qemu-system-x86_64: warning: host doesn't support requested feature: CPUID.07H:ECX.vpclmulqdq [bit 10]
qemu-system-x86_64: warning: host doesn't support requested feature: CPUID.07H:ECX.avx512vnni [bit 11]
qemu-system-x86_64: warning: host doesn't support requested feature: CPUID.07H:ECX.avx512bitalg [bit 12]
qemu-system-x86_64: warning: host doesn't support requested feature: CPUID.07H:ECX.avx512-vpopcntdq [bit 14]
qemu-system-x86_64: warning: host doesn't support requested feature: CPUID.07H:ECX.la57 [bit 16]
qemu-system-x86_64: warning: host doesn't support requested feature: CPUID.80000008H:EBX.wbnoinvd [bit 9]
qemu-system-x86_64: warning: host doesn't support requested feature: CPUID.0DH:EAX.xsavec [bit 1]
qemu-system-x86_64: warning: host doesn't support requested feature: CPUID.0DH:EAX.xgetbv1 [bit 2]
qemu-system-x86_64: warning: host doesn't support requested feature: CPUID.07H:EBX.avx512f [bit 16]
qemu-system-x86_64: warning: host doesn't support requested feature: CPUID.07H:EBX.avx512dq [bit 17]
qemu-system-x86_64: warning: host doesn't support requested feature: CPUID.07H:EBX.clflushopt [bit 23]
qemu-system-x86_64: warning: host doesn't support requested feature: CPUID.07H:EBX.clwb [bit 24]
qemu-system-x86_64: warning: host doesn't support requested feature: CPUID.07H:EBX.avx512cd [bit 28]
qemu-system-x86_64: warning: host doesn't support requested feature: CPUID.07H:EBX.avx512bw [bit 30]
qemu-system-x86_64: warning: host doesn't support requested feature: CPUID.07H:EBX.avx512vl [bit 31]
qemu-system-x86_64: warning: host doesn't support requested feature: CPUID.07H:ECX.avx512vbmi [bit 1]
qemu-system-x86_64: warning: host doesn't support requested feature: CPUID.07H:ECX.pku [bit 3]
qemu-system-x86_64: warning: host doesn't support requested feature: CPUID.07H:ECX.avx512vbmi2 [bit 6]
qemu-system-x86_64: warning: host doesn't support requested feature: CPUID.07H:ECX.gfni [bit 8]
qemu-system-x86_64: warning: host doesn't support requested feature: CPUID.07H:ECX.vaes [bit 9]
qemu-system-x86_64: warning: host doesn't support requested feature: CPUID.07H:ECX.vpclmulqdq [bit 10]
qemu-system-x86_64: warning: host doesn't support requested feature: CPUID.07H:ECX.avx512vnni [bit 11]
qemu-system-x86_64: warning: host doesn't support requested feature: CPUID.07H:ECX.avx512bitalg [bit 12]
qemu-system-x86_64: warning: host doesn't support requested feature: CPUID.07H:ECX.avx512-vpopcntdq [bit 14]
qemu-system-x86_64: warning: host doesn't support requested feature: CPUID.07H:ECX.la57 [bit 16]
qemu-system-x86_64: warning: host doesn't support requested feature: CPUID.80000008H:EBX.wbnoinvd [bit 9]
qemu-system-x86_64: warning: host doesn't support requested feature: CPUID.0DH:EAX.xsavec [bit 1]
qemu-system-x86_64: warning: host doesn't support requested feature: CPUID.0DH:EAX.xgetbv1 [bit 2]
qemu-system-x86_64: warning: host doesn't support requested feature: CPUID.07H:EBX.avx512f [bit 16]
qemu-system-x86_64: warning: host doesn't support requested feature: CPUID.07H:EBX.avx512dq [bit 17]
qemu-system-x86_64: warning: host doesn't support requested feature: CPUID.07H:EBX.clflushopt [bit 23]
qemu-system-x86_64: warning: host doesn't support requested feature: CPUID.07H:EBX.clwb [bit 24]
qemu-system-x86_64: warning: host doesn't support requested feature: CPUID.07H:EBX.avx512cd [bit 28]
qemu-system-x86_64: warning: host doesn't support requested feature: CPUID.07H:EBX.avx512bw [bit 30]
qemu-system-x86_64: warning: host doesn't support requested feature: CPUID.07H:EBX.avx512vl [bit 31]
qemu-system-x86_64: warning: host doesn't support requested feature: CPUID.07H:ECX.avx512vbmi [bit 1]
qemu-system-x86_64: warning: host doesn't support requested feature: CPUID.07H:ECX.pku [bit 3]
qemu-system-x86_64: warning: host doesn't support requested feature: CPUID.07H:ECX.avx512vbmi2 [bit 6]
qemu-system-x86_64: warning: host doesn't support requested feature: CPUID.07H:ECX.gfni [bit 8]
qemu-system-x86_64: warning: host doesn't support requested feature: CPUID.07H:ECX.vaes [bit 9]
qemu-system-x86_64: warning: host doesn't support requested feature: CPUID.07H:ECX.vpclmulqdq [bit 10]
qemu-system-x86_64: warning: host doesn't support requested feature: CPUID.07H:ECX.avx512vnni [bit 11]
qemu-system-x86_64: warning: host doesn't support requested feature: CPUID.07H:ECX.avx512bitalg [bit 12]
qemu-system-x86_64: warning: host doesn't support requested feature: CPUID.07H:ECX.avx512-vpopcntdq [bit 14]
qemu-system-x86_64: warning: host doesn't support requested feature: CPUID.07H:ECX.la57 [bit 16]
qemu-system-x86_64: warning: host doesn't support requested feature: CPUID.80000008H:EBX.wbnoinvd [bit 9]
qemu-system-x86_64: warning: host doesn't support requested feature: CPUID.0DH:EAX.xsavec [bit 1]
qemu-system-x86_64: warning: host doesn't support requested feature: CPUID.0DH:EAX.xgetbv1 [bit 2]
qemu-system-x86_64: warning: host doesn't support requested feature: CPUID.07H:EBX.avx512f [bit 16]
qemu-system-x86_64: warning: host doesn't support requested feature: CPUID.07H:EBX.avx512dq [bit 17]
qemu-system-x86_64: warning: host doesn't support requested feature: CPUID.07H:EBX.clflushopt [bit 23]
qemu-system-x86_64: warning: host doesn't support requested feature: CPUID.07H:EBX.clwb [bit 24]
qemu-system-x86_64: warning: host doesn't support requested feature: CPUID.07H:EBX.avx512cd [bit 28]
qemu-system-x86_64: warning: host doesn't support requested feature: CPUID.07H:EBX.avx512bw [bit 30]
qemu-system-x86_64: warning: host doesn't support requested feature: CPUID.07H:EBX.avx512vl [bit 31]
qemu-system-x86_64: warning: host doesn't support requested feature: CPUID.07H:ECX.avx512vbmi [bit 1]
qemu-system-x86_64: warning: host doesn't support requested feature: CPUID.07H:ECX.pku [bit 3]
qemu-system-x86_64: warning: host doesn't support requested feature: CPUID.07H:ECX.avx512vbmi2 [bit 6]
qemu-system-x86_64: warning: host doesn't support requested feature: CPUID.07H:ECX.gfni [bit 8]
qemu-system-x86_64: warning: host doesn't support requested feature: CPUID.07H:ECX.vaes [bit 9]
qemu-system-x86_64: warning: host doesn't support requested feature: CPUID.07H:ECX.vpclmulqdq [bit 10]
qemu-system-x86_64: warning: host doesn't support requested feature: CPUID.07H:ECX.avx512vnni [bit 11]
qemu-system-x86_64: warning: host doesn't support requested feature: CPUID.07H:ECX.avx512bitalg [bit 12]
qemu-system-x86_64: warning: host doesn't support requested feature: CPUID.07H:ECX.avx512-vpopcntdq [bit 14]
qemu-system-x86_64: warning: host doesn't support requested feature: CPUID.07H:ECX.la57 [bit 16]
qemu-system-x86_64: warning: host doesn't support requested feature: CPUID.80000008H:EBX.wbnoinvd [bit 9]
qemu-system-x86_64: warning: host doesn't support requested feature: CPUID.0DH:EAX.xsavec [bit 1]
qemu-system-x86_64: warning: host doesn't support requested feature: CPUID.0DH:EAX.xgetbv1 [bit 2]
qemu-system-x86_64: warning: host doesn't support requested feature: CPUID.07H:EBX.avx512f [bit 16]
qemu-system-x86_64: warning: host doesn't support requested feature: CPUID.07H:EBX.avx512dq [bit 17]
qemu-system-x86_64: warning: host doesn't support requested feature: CPUID.07H:EBX.clflushopt [bit 23]
qemu-system-x86_64: warning: host doesn't support requested feature: CPUID.07H:EBX.clwb [bit 24]
qemu-system-x86_64: warning: host doesn't support requested feature: CPUID.07H:EBX.avx512cd [bit 28]
qemu-system-x86_64: warning: host doesn't support requested feature: CPUID.07H:EBX.avx512bw [bit 30]
qemu-system-x86_64: warning: host doesn't support requested feature: CPUID.07H:EBX.avx512vl [bit 31]
qemu-system-x86_64: warning: host doesn't support requested feature: CPUID.07H:ECX.avx512vbmi [bit 1]
qemu-system-x86_64: warning: host doesn't support requested feature: CPUID.07H:ECX.pku [bit 3]
qemu-system-x86_64: warning: host doesn't support requested feature: CPUID.07H:ECX.avx512vbmi2 [bit 6]
qemu-system-x86_64: warning: host doesn't support requested feature: CPUID.07H:ECX.gfni [bit 8]
qemu-system-x86_64: warning: host doesn't support requested feature: CPUID.07H:ECX.vaes [bit 9]
qemu-system-x86_64: warning: host doesn't support requested feature: CPUID.07H:ECX.vpclmulqdq [bit 10]
qemu-system-x86_64: warning: host doesn't support requested feature: CPUID.07H:ECX.avx512vnni [bit 11]
qemu-system-x86_64: warning: host doesn't support requested feature: CPUID.07H:ECX.avx512bitalg [bit 12]
qemu-system-x86_64: warning: host doesn't support requested feature: CPUID.07H:ECX.avx512-vpopcntdq [bit 14]
qemu-system-x86_64: warning: host doesn't support requested feature: CPUID.07H:ECX.la57 [bit 16]
qemu-system-x86_64: warning: host doesn't support requested feature: CPUID.80000008H:EBX.wbnoinvd [bit 9]
qemu-system-x86_64: warning: host doesn't support requested feature: CPUID.0DH:EAX.xsavec [bit 1]
qemu-system-x86_64: warning: host doesn't support requested feature: CPUID.0DH:EAX.xgetbv1 [bit 2]
qemu-system-x86_64: warning: host doesn't support requested feature: CPUID.07H:EBX.avx512f [bit 16]
qemu-system-x86_64: warning: host doesn't support requested feature: CPUID.07H:EBX.avx512dq [bit 17]
qemu-system-x86_64: warning: host doesn't support requested feature: CPUID.07H:EBX.clflushopt [bit 23]
qemu-system-x86_64: warning: host doesn't support requested feature: CPUID.07H:EBX.clwb [bit 24]
qemu-system-x86_64: warning: host doesn't support requested feature: CPUID.07H:EBX.avx512cd [bit 28]
qemu-system-x86_64: warning: host doesn't support requested feature: CPUID.07H:EBX.avx512bw [bit 30]
qemu-system-x86_64: warning: host doesn't support requested feature: CPUID.07H:EBX.avx512vl [bit 31]
qemu-system-x86_64: warning: host doesn't support requested feature: CPUID.07H:ECX.avx512vbmi [bit 1]
qemu-system-x86_64: warning: host doesn't support requested feature: CPUID.07H:ECX.pku [bit 3]
qemu-system-x86_64: warning: host doesn't support requested feature: CPUID.07H:ECX.avx512vbmi2 [bit 6]
qemu-system-x86_64: warning: host doesn't support requested feature: CPUID.07H:ECX.gfni [bit 8]
qemu-system-x86_64: warning: host doesn't support requested feature: CPUID.07H:ECX.vaes [bit 9]
qemu-system-x86_64: warning: host doesn't support requested feature: CPUID.07H:ECX.vpclmulqdq [bit 10]
qemu-system-x86_64: warning: host doesn't support requested feature: CPUID.07H:ECX.avx512vnni [bit 11]
qemu-system-x86_64: warning: host doesn't support requested feature: CPUID.07H:ECX.avx512bitalg [bit 12]
qemu-system-x86_64: warning: host doesn't support requested feature: CPUID.07H:ECX.avx512-vpopcntdq [bit 14]
qemu-system-x86_64: warning: host doesn't support requested feature: CPUID.07H:ECX.la57 [bit 16]
qemu-system-x86_64: warning: host doesn't support requested feature: CPUID.80000008H:EBX.wbnoinvd [bit 9]
qemu-system-x86_64: warning: host doesn't support requested feature: CPUID.0DH:EAX.xsavec [bit 1]
qemu-system-x86_64: warning: host doesn't support requested feature: CPUID.0DH:EAX.xgetbv1 [bit 2]
qemu-system-x86_64: warning: host doesn't support requested feature: CPUID.07H:EBX.avx512f [bit 16]
qemu-system-x86_64: warning: host doesn't support requested feature: CPUID.07H:EBX.avx512dq [bit 17]
qemu-system-x86_64: warning: host doesn't support requested feature: CPUID.07H:EBX.clflushopt [bit 23]
qemu-system-x86_64: warning: host doesn't support requested feature: CPUID.07H:EBX.clwb [bit 24]
qemu-system-x86_64: warning: host doesn't support requested feature: CPUID.07H:EBX.avx512cd [bit 28]
qemu-system-x86_64: warning: host doesn't support requested feature: CPUID.07H:EBX.avx512bw [bit 30]
qemu-system-x86_64: warning: host doesn't support requested feature: CPUID.07H:EBX.avx512vl [bit 31]
qemu-system-x86_64: warning: host doesn't support requested feature: CPUID.07H:ECX.avx512vbmi [bit 1]
qemu-system-x86_64: warning: host doesn't support requested feature: CPUID.07H:ECX.pku [bit 3]
qemu-system-x86_64: warning: host doesn't support requested feature: CPUID.07H:ECX.avx512vbmi2 [bit 6]
qemu-system-x86_64: warning: host doesn't support requested feature: CPUID.07H:ECX.gfni [bit 8]
qemu-system-x86_64: warning: host doesn't support requested feature: CPUID.07H:ECX.vaes [bit 9]
qemu-system-x86_64: warning: host doesn't support requested feature: CPUID.07H:ECX.vpclmulqdq [bit 10]
qemu-system-x86_64: warning: host doesn't support requested feature: CPUID.07H:ECX.avx512vnni [bit 11]
qemu-system-x86_64: warning: host doesn't support requested feature: CPUID.07H:ECX.avx512bitalg [bit 12]
qemu-system-x86_64: warning: host doesn't support requested feature: CPUID.07H:ECX.avx512-vpopcntdq [bit 14]
qemu-system-x86_64: warning: host doesn't support requested feature: CPUID.07H:ECX.la57 [bit 16]
qemu-system-x86_64: warning: host doesn't support requested feature: CPUID.80000008H:EBX.wbnoinvd [bit 9]
qemu-system-x86_64: warning: host doesn't support requested feature: CPUID.0DH:EAX.xsavec [bit 1]
qemu-system-x86_64: warning: host doesn't support requested feature: CPUID.0DH:EAX.xgetbv1 [bit 2]
qemu-system-x86_64: warning: host doesn't support requested feature: CPUID.07H:EBX.avx512f [bit 16]
qemu-system-x86_64: warning: host doesn't support requested feature: CPUID.07H:EBX.avx512dq [bit 17]
qemu-system-x86_64: warning: host doesn't support requested feature: CPUID.07H:EBX.clflushopt [bit 23]
qemu-system-x86_64: warning: host doesn't support requested feature: CPUID.07H:EBX.clwb [bit 24]
qemu-system-x86_64: warning: host doesn't support requested feature: CPUID.07H:EBX.avx512cd [bit 28]
qemu-system-x86_64: warning: host doesn't support requested feature: CPUID.07H:EBX.avx512bw [bit 30]
qemu-system-x86_64: warning: host doesn't support requested feature: CPUID.07H:EBX.avx512vl [bit 31]
qemu-system-x86_64: warning: host doesn't support requested feature: CPUID.07H:ECX.avx512vbmi [bit 1]
qemu-system-x86_64: warning: host doesn't support requested feature: CPUID.07H:ECX.pku [bit 3]
qemu-system-x86_64: warning: host doesn't support requested feature: CPUID.07H:ECX.avx512vbmi2 [bit 6]
qemu-system-x86_64: warning: host doesn't support requested feature: CPUID.07H:ECX.gfni [bit 8]
qemu-system-x86_64: warning: host doesn't support requested feature: CPUID.07H:ECX.vaes [bit 9]
qemu-system-x86_64: warning: host doesn't support requested feature: CPUID.07H:ECX.vpclmulqdq [bit 10]
qemu-system-x86_64: warning: host doesn't support requested feature: CPUID.07H:ECX.avx512vnni [bit 11]
qemu-system-x86_64: warning: host doesn't support requested feature: CPUID.07H:ECX.avx512bitalg [bit 12]
qemu-system-x86_64: warning: host doesn't support requested feature: CPUID.07H:ECX.avx512-vpopcntdq [bit 14]
qemu-system-x86_64: warning: host doesn't support requested feature: CPUID.07H:ECX.la57 [bit 16]
qemu-system-x86_64: warning: host doesn't support requested feature: CPUID.80000008H:EBX.wbnoinvd [bit 9]
qemu-system-x86_64: warning: host doesn't support requested feature: CPUID.0DH:EAX.xsavec [bit 1]
qemu-system-x86_64: warning: host doesn't support requested feature: CPUID.0DH:EAX.xgetbv1 [bit 2]
qemu-system-x86_64: warning: host doesn't support requested feature: CPUID.07H:EBX.avx512f [bit 16]
qemu-system-x86_64: warning: host doesn't support requested feature: CPUID.07H:EBX.avx512dq [bit 17]
qemu-system-x86_64: warning: host doesn't support requested feature: CPUID.07H:EBX.clflushopt [bit 23]
qemu-system-x86_64: warning: host doesn't support requested feature: CPUID.07H:EBX.clwb [bit 24]
qemu-system-x86_64: warning: host doesn't support requested feature: CPUID.07H:EBX.avx512cd [bit 28]
qemu-system-x86_64: warning: host doesn't support requested feature: CPUID.07H:EBX.avx512bw [bit 30]
qemu-system-x86_64: warning: host doesn't support requested feature: CPUID.07H:EBX.avx512vl [bit 31]
qemu-system-x86_64: warning: host doesn't support requested feature: CPUID.07H:ECX.avx512vbmi [bit 1]
qemu-system-x86_64: warning: host doesn't support requested feature: CPUID.07H:ECX.pku [bit 3]
qemu-system-x86_64: warning: host doesn't support requested feature: CPUID.07H:ECX.avx512vbmi2 [bit 6]
qemu-system-x86_64: warning: host doesn't support requested feature: CPUID.07H:ECX.gfni [bit 8]
qemu-system-x86_64: warning: host doesn't support requested feature: CPUID.07H:ECX.vaes [bit 9]
qemu-system-x86_64: warning: host doesn't support requested feature: CPUID.07H:ECX.vpclmulqdq [bit 10]
qemu-system-x86_64: warning: host doesn't support requested feature: CPUID.07H:ECX.avx512vnni [bit 11]
qemu-system-x86_64: warning: host doesn't support requested feature: CPUID.07H:ECX.avx512bitalg [bit 12]
qemu-system-x86_64: warning: host doesn't support requested feature: CPUID.07H:ECX.avx512-vpopcntdq [bit 14]
qemu-system-x86_64: warning: host doesn't support requested feature: CPUID.07H:ECX.la57 [bit 16]
qemu-system-x86_64: warning: host doesn't support requested feature: CPUID.80000008H:EBX.wbnoinvd [bit 9]
qemu-system-x86_64: warning: host doesn't support requested feature: CPUID.0DH:EAX.xsavec [bit 1]
qemu-system-x86_64: warning: host doesn't support requested feature: CPUID.0DH:EAX.xgetbv1 [bit 2]
qemu-system-x86_64: warning: host doesn't support requested feature: CPUID.07H:EBX.avx512f [bit 16]
qemu-system-x86_64: warning: host doesn't support requested feature: CPUID.07H:EBX.avx512dq [bit 17]
qemu-system-x86_64: warning: host doesn't support requested feature: CPUID.07H:EBX.clflushopt [bit 23]
qemu-system-x86_64: warning: host doesn't support requested feature: CPUID.07H:EBX.clwb [bit 24]
qemu-system-x86_64: warning: host doesn't support requested feature: CPUID.07H:EBX.avx512cd [bit 28]
qemu-system-x86_64: warning: host doesn't support requested feature: CPUID.07H:EBX.avx512bw [bit 30]
qemu-system-x86_64: warning: host doesn't support requested feature: CPUID.07H:EBX.avx512vl [bit 31]
qemu-system-x86_64: warning: host doesn't support requested feature: CPUID.07H:ECX.avx512vbmi [bit 1]
qemu-system-x86_64: warning: host doesn't support requested feature: CPUID.07H:ECX.pku [bit 3]
qemu-system-x86_64: warning: host doesn't support requested feature: CPUID.07H:ECX.avx512vbmi2 [bit 6]
qemu-system-x86_64: warning: host doesn't support requested feature: CPUID.07H:ECX.gfni [bit 8]
qemu-system-x86_64: warning: host doesn't support requested feature: CPUID.07H:ECX.vaes [bit 9]
qemu-system-x86_64: warning: host doesn't support requested feature: CPUID.07H:ECX.vpclmulqdq [bit 10]
qemu-system-x86_64: warning: host doesn't support requested feature: CPUID.07H:ECX.avx512vnni [bit 11]
qemu-system-x86_64: warning: host doesn't support requested feature: CPUID.07H:ECX.avx512bitalg [bit 12]
qemu-system-x86_64: warning: host doesn't support requested feature: CPUID.07H:ECX.avx512-vpopcntdq [bit 14]
qemu-system-x86_64: warning: host doesn't support requested feature: CPUID.07H:ECX.la57 [bit 16]
qemu-system-x86_64: warning: host doesn't support requested feature: CPUID.80000008H:EBX.wbnoinvd [bit 9]
qemu-system-x86_64: warning: host doesn't support requested feature: CPUID.0DH:EAX.xsavec [bit 1]
qemu-system-x86_64: warning: host doesn't support requested feature: CPUID.0DH:EAX.xgetbv1 [bit 2]
qemu-system-x86_64: warning: host doesn't support requested feature: CPUID.07H:EBX.avx512f [bit 16]
qemu-system-x86_64: warning: host doesn't support requested feature: CPUID.07H:EBX.avx512dq [bit 17]
qemu-system-x86_64: warning: host doesn't support requested feature: CPUID.07H:EBX.clflushopt [bit 23]
qemu-system-x86_64: warning: host doesn't support requested feature: CPUID.07H:EBX.clwb [bit 24]
qemu-system-x86_64: warning: host doesn't support requested feature: CPUID.07H:EBX.avx512cd [bit 28]
qemu-system-x86_64: warning: host doesn't support requested feature: CPUID.07H:EBX.avx512bw [bit 30]
qemu-system-x86_64: warning: host doesn't support requested feature: CPUID.07H:EBX.avx512vl [bit 31]
qemu-system-x86_64: warning: host doesn't support requested feature: CPUID.07H:ECX.avx512vbmi [bit 1]
qemu-system-x86_64: warning: host doesn't support requested feature: CPUID.07H:ECX.pku [bit 3]
qemu-system-x86_64: warning: host doesn't support requested feature: CPUID.07H:ECX.avx512vbmi2 [bit 6]
qemu-system-x86_64: warning: host doesn't support requested feature: CPUID.07H:ECX.gfni [bit 8]
qemu-system-x86_64: warning: host doesn't support requested feature: CPUID.07H:ECX.vaes [bit 9]
qemu-system-x86_64: warning: host doesn't support requested feature: CPUID.07H:ECX.vpclmulqdq [bit 10]
qemu-system-x86_64: warning: host doesn't support requested feature: CPUID.07H:ECX.avx512vnni [bit 11]
qemu-system-x86_64: warning: host doesn't support requested feature: CPUID.07H:ECX.avx512bitalg [bit 12]
qemu-system-x86_64: warning: host doesn't support requested feature: CPUID.07H:ECX.avx512-vpopcntdq [bit 14]
qemu-system-x86_64: warning: host doesn't support requested feature: CPUID.07H:ECX.la57 [bit 16]
qemu-system-x86_64: warning: host doesn't support requested feature: CPUID.80000008H:EBX.wbnoinvd [bit 9]
qemu-system-x86_64: warning: host doesn't support requested feature: CPUID.0DH:EAX.xsavec [bit 1]
qemu-system-x86_64: warning: host doesn't support requested feature: CPUID.0DH:EAX.xgetbv1 [bit 2]
qemu-system-x86_64: warning: host doesn't support requested feature: CPUID.07H:EBX.avx512f [bit 16]
qemu-system-x86_64: warning: host doesn't support requested feature: CPUID.07H:EBX.avx512dq [bit 17]
qemu-system-x86_64: warning: host doesn't support requested feature: CPUID.07H:EBX.clflushopt [bit 23]
qemu-system-x86_64: warning: host doesn't support requested feature: CPUID.07H:EBX.clwb [bit 24]
qemu-system-x86_64: warning: host doesn't support requested feature: CPUID.07H:EBX.avx512cd [bit 28]
qemu-system-x86_64: warning: host doesn't support requested feature: CPUID.07H:EBX.avx512bw [bit 30]
qemu-system-x86_64: warning: host doesn't support requested feature: CPUID.07H:EBX.avx512vl [bit 31]
qemu-system-x86_64: warning: host doesn't support requested feature: CPUID.07H:ECX.avx512vbmi [bit 1]
qemu-system-x86_64: warning: host doesn't support requested feature: CPUID.07H:ECX.pku [bit 3]
qemu-system-x86_64: warning: host doesn't support requested feature: CPUID.07H:ECX.avx512vbmi2 [bit 6]
qemu-system-x86_64: warning: host doesn't support requested feature: CPUID.07H:ECX.gfni [bit 8]
qemu-system-x86_64: warning: host doesn't support requested feature: CPUID.07H:ECX.vaes [bit 9]
qemu-system-x86_64: warning: host doesn't support requested feature: CPUID.07H:ECX.vpclmulqdq [bit 10]
qemu-system-x86_64: warning: host doesn't support requested feature: CPUID.07H:ECX.avx512vnni [bit 11]
qemu-system-x86_64: warning: host doesn't support requested feature: CPUID.07H:ECX.avx512bitalg [bit 12]
qemu-system-x86_64: warning: host doesn't support requested feature: CPUID.07H:ECX.avx512-vpopcntdq [bit 14]
qemu-system-x86_64: warning: host doesn't support requested feature: CPUID.07H:ECX.la57 [bit 16]
qemu-system-x86_64: warning: host doesn't support requested feature: CPUID.80000008H:EBX.wbnoinvd [bit 9]
qemu-system-x86_64: warning: host doesn't support requested feature: CPUID.0DH:EAX.xsavec [bit 1]
qemu-system-x86_64: warning: host doesn't support requested feature: CPUID.0DH:EAX.xgetbv1 [bit 2]
qemu-system-x86_64: warning: host doesn't support requested feature: CPUID.07H:EBX.avx512f [bit 16]
qemu-system-x86_64: warning: host doesn't support requested feature: CPUID.07H:EBX.avx512dq [bit 17]
qemu-system-x86_64: warning: host doesn't support requested feature: CPUID.07H:EBX.clflushopt [bit 23]
qemu-system-x86_64: warning: host doesn't support requested feature: CPUID.07H:EBX.clwb [bit 24]
qemu-system-x86_64: warning: host doesn't support requested feature: CPUID.07H:EBX.avx512cd [bit 28]
qemu-system-x86_64: warning: host doesn't support requested feature: CPUID.07H:EBX.avx512bw [bit 30]
qemu-system-x86_64: warning: host doesn't support requested feature: CPUID.07H:EBX.avx512vl [bit 31]
qemu-system-x86_64: warning: host doesn't support requested feature: CPUID.07H:ECX.avx512vbmi [bit 1]
qemu-system-x86_64: warning: host doesn't support requested feature: CPUID.07H:ECX.pku [bit 3]
qemu-system-x86_64: warning: host doesn't support requested feature: CPUID.07H:ECX.avx512vbmi2 [bit 6]
qemu-system-x86_64: warning: host doesn't support requested feature: CPUID.07H:ECX.gfni [bit 8]
qemu-system-x86_64: warning: host doesn't support requested feature: CPUID.07H:ECX.vaes [bit 9]
qemu-system-x86_64: warning: host doesn't support requested feature: CPUID.07H:ECX.vpclmulqdq [bit 10]
qemu-system-x86_64: warning: host doesn't support requested feature: CPUID.07H:ECX.avx512vnni [bit 11]
qemu-system-x86_64: warning: host doesn't support requested feature: CPUID.07H:ECX.avx512bitalg [bit 12]
qemu-system-x86_64: warning: host doesn't support requested feature: CPUID.07H:ECX.avx512-vpopcntdq [bit 14]
qemu-system-x86_64: warning: host doesn't support requested feature: CPUID.07H:ECX.la57 [bit 16]
qemu-system-x86_64: warning: host doesn't support requested feature: CPUID.80000008H:EBX.wbnoinvd [bit 9]
qemu-system-x86_64: warning: host doesn't support requested feature: CPUID.0DH:EAX.xsavec [bit 1]
qemu-system-x86_64: warning: host doesn't support requested feature: CPUID.0DH:EAX.xgetbv1 [bit 2]
[2J[01;01H[=3h[2J[01;01H[2J[01;01H[=3h[2J[01;01H[2[2J[01;01H[=3h[2J[01;01H[2J[01;01H[=3h[2J[01;01H[2J[01;01H[=3h[2J[01;01H[2J[01;01H[=3h[2J[01;01H[2J[01;01HJ[01;01H[=3h[2J[01;01H[=3h[2J[01;01HBdsDxe: loading Boot0001 "UEFI QEMU DVD-ROM QM00005 " from PciRoot(0x0)/Pci(0x1F,0x2)/Sata(0x2,0xFFFF,0x0)
BdsBdsDxe: loading Boot0001 "UEFI QEMU DVD-ROM QM00005 " from PciRoot(0x0)/Pci(0x1F,0x2)/Sata(0x2,0xFFFF,0x0)
BdsDxe: starting BooDxe: starting Boot0001 "UEFI QEMU DVD-ROM QM00005 " from PciRoot(0x0)/Pci(0x1F,0x2)/Sata(0x2,0xFFFF,0x0)
t0001 "UEFI QEMU DVD-ROM QM00005 " from PciRoot(0x0)/Pci(0x1F,0x2)/Sata(0x2,0xFFFF,0x0)
WARNING: no console will be available to OS
WARNING: no console will be available to OS
error: no suitable video mode found.
[kernel] OSTD initialized. Preparing components.
[kernel] unpacking the initramfs.cpio.gz to rootfs ...
[kernel] rootfs is ready
[kernel] Spawn init thread
[kernel] Hello world from kernel!
[36m

   _   ___ _____ ___ ___ ___ _  _   _   ___
  /_\ / __|_   _| __| _ \_ _| \| | /_\ / __|
 / _ \\__ \ | | | _||   /| || .` |/ _ \\__ \
/_/ \_\___/ |_| |___|_|_\___|_|\_/_/ \_\___/

[0m
Populating queue
Waiting for benchmark to complete
[consumer-0-CpuId(1)] recv msg in 45.515526ms
done
[32