make[3]: Nothing to be done for 'all'.
make[3]: Nothing to be done for 'all'.
make[3]: Nothing to be done for 'all'.
make[3]: Nothing to be done for 'all'.
make[3]: Nothing to be done for 'all'.
make[3]: Nothing to be done for 'all'.
make[3]: Nothing to be done for 'all'.
make[3]: Nothing to be done for 'all'.
make[3]: Nothing to be done for 'all'.
make[3]: Nothing to be done for 'all'.
make[3]: Nothing to be done for 'all'.
make[3]: Nothing to be done for 'all'.
make[3]: Nothing to be done for 'all'.
make[3]: Nothing to be done for 'all'.
make[3]: Nothing to be done for 'all'.
make[3]: Nothing to be done for 'all'.
make[3]: Nothing to be done for 'all'.
make[3]: Nothing to be done for 'all'.
make[3]: Nothing to be done for 'all'.
make[3]: Nothing to be done for 'all'.
make[3]: Nothing to be done for 'all'.
make[3]: Nothing to be done for 'all'.
make[3]: Nothing to be done for 'all'.
make[3]: Nothing to be done for 'all'.
make[3]: Nothing to be done for 'all'.
make[3]: Nothing to be done for 'all'.
make[3]: Nothing to be done for 'all'.
make[3]: Nothing to be done for 'all'.
make[3]: Nothing to be done for 'all'.
make[3]: Nothing to be done for 'all'.
make[3]: Nothing to be done for 'all'.
cd kernel && cargo osdk run --kcmd-args="ostd.log_level=error" --target-arch=x86_64 --release --boot-method="grub-rescue-iso" --grub-boot-protocol=multiboot2 --qemu-args="-accel kvm" --qemu-args="-smp 33"
[Info] [normal] Forwarded QEMU guest port: 11518->22; 20697->8080 5501->6379 57589->5201 58155->31234 45573->31236 26967->11211
[Info] [test] Forwarded QEMU guest port: 21344->22; 28056->8080 9060->6379 18952->5201 49722->31234 40094->31236 40801->11211
warning: unstable feature specified for `-Ctarget-feature`: `ermsb`
  |
  = note: this feature is not stably supported; its behavior can change in the future

warning: `linux-boot-params` (lib) generated 1 warning
warning: `align_ext` (lib) generated 1 warning (1 duplicate)
warning: `ostd-test` (lib) generated 1 warning (1 duplicate)
warning: `typeflags-util` (lib) generated 1 warning (1 duplicate)
warning: `int-to-c-enum` (lib) generated 1 warning (1 duplicate)
warning: `aster-rights` (lib) generated 1 warning (1 duplicate)
warning: `jhash` (lib) generated 1 warning (1 duplicate)
warning: `id-alloc` (lib) generated 1 warning (1 duplicate)
warning: `component` (lib) generated 1 warning (1 duplicate)
warning: `keyable-arc` (lib) generated 1 warning (1 duplicate)
warning: `cpio-decoder` (lib) generated 1 warning (1 duplicate)
warning: unused import: `ptr`
 --> /root/asterinas/ostd/src/orpc/oqueue/ringbuffer/mod.rs:5:5
  |
5 |     ptr,
  |     ^^^
  |
  = note: `#[warn(unused_imports)]` on by default

warning: unused import: `vec::Vec`
  --> /root/asterinas/ostd/src/orpc/oqueue/ringbuffer/mpmc.rs:10:5
   |
10 |     vec::Vec,
   |     ^^^^^^^^

warning: unused imports: `AtomicU64`, `RefUnwindSafe`, `UnsafeCell`, and `UnwindSafe`
  --> /root/asterinas/ostd/src/orpc/oqueue/ringbuffer/mpmc.rs:14:18
   |
14 |     cell::{Cell, UnsafeCell},
   |                  ^^^^^^^^^^
...
18 |     panic::{RefUnwindSafe, UnwindSafe},
   |             ^^^^^^^^^^^^^  ^^^^^^^^^^
19 |     ptr,
20 |     sync::atomic::{AtomicU64, AtomicUsize, Ordering},
   |                    ^^^^^^^^^

warning: unused imports: `UnsafeCell` and `mem::MaybeUninit`
  --> /root/asterinas/ostd/src/orpc/oqueue/ringbuffer/spsc.rs:42:18
   |
42 |     cell::{Cell, UnsafeCell},
   |                  ^^^^^^^^^^
43 |     marker::PhantomData,
44 |     mem::MaybeUninit,
   |     ^^^^^^^^^^^^^^^^

warning: unused import: `UnwindSafe`
  --> /root/asterinas/ostd/src/orpc/oqueue/ringbuffer/spsc.rs:45:28
   |
45 |     panic::{RefUnwindSafe, UnwindSafe},
   |                            ^^^^^^^^^^

warning: unused import: `RefUnwindSafe`
  --> /root/asterinas/ostd/src/orpc/oqueue/ringbuffer/spsc.rs:45:13
   |
45 |     panic::{RefUnwindSafe, UnwindSafe},
   |             ^^^^^^^^^^^^^

warning: unused variable: `waker`
   --> /root/asterinas/ostd/src/orpc/oqueue/ringbuffer/mpmc.rs:860:31
    |
860 |     fn prepare_to_wait(&self, waker: &Arc<Waker>) {
    |                               ^^^^^ help: if this is intentional, prefix it with an underscore: `_waker`
    |
    = note: `#[warn(unused_variables)]` on by default

warning: unused variable: `data`
   --> /root/asterinas/ostd/src/orpc/oqueue/ringbuffer/mpmc.rs:870:27
    |
870 |     fn try_produce(&self, data: T) -> Option<T> {
    |                           ^^^^ help: if this is intentional, prefix it with an underscore: `_data`

warning: unused variable: `waker`
   --> /root/asterinas/ostd/src/orpc/oqueue/ringbuffer/mpmc.rs:887:31
    |
887 |     fn prepare_to_wait(&self, waker: &Arc<Waker>) {
    |                               ^^^^^ help: if this is intentional, prefix it with an underscore: `_waker`

warning: missing documentation for a module
  --> /root/asterinas/ostd/src/orpc/oqueue/mod.rs:11:1
   |
11 | pub mod ringbuffer;
   | ^^^^^^^^^^^^^^^^^^
   |
note: the lint level is defined here
  --> /root/asterinas/ostd/src/lib.rs:26:9
   |
26 | #![warn(missing_docs)]
   |         ^^^^^^^^^^^^

warning: missing documentation for a struct
  --> /root/asterinas/ostd/src/orpc/oqueue/ringbuffer/mpmc.rs:77:1
   |
77 | pub struct MPMCOQueue<T, const STRONG_OBSERVERS: bool = true, const WEAK_OBSERVERS: bool = true> {
   | ^^^^^^^^^^^^^^^^^^^^^^^^^^^^^^^^^^^^^^^^^^^^^^^^^^^^^^^^^^^^^^^^^^^^^^^^^^^^^^^^^^^^^^^^^^^^^^^^

warning: missing documentation for an associated function
   --> /root/asterinas/ostd/src/orpc/oqueue/ringbuffer/mpmc.rs:114:5
    |
114 |     pub fn new(size: usize, max_strong_observers: usize) -> Arc<Self> {
    |     ^^^^^^^^^^^^^^^^^^^^^^^^^^^^^^^^^^^^^^^^^^^^^^^^^^^^^^^^^^^^^^^^^

warning: missing documentation for a method
   --> /root/asterinas/ostd/src/orpc/oqueue/ringbuffer/mpmc.rs:201:5
    |
201 |     pub fn consume(&self) -> T {
    |     ^^^^^^^^^^^^^^^^^^^^^^^^^^

warning: missing documentation for a struct
   --> /root/asterinas/ostd/src/orpc/oqueue/ringbuffer/mpmc.rs:670:1
    |
670 | pub struct Rigtorp<T> {
    | ^^^^^^^^^^^^^^^^^^^^^

warning: `ostd` (lib) generated 15 warnings (1 duplicate) (run `cargo fix --lib -p ostd` to apply 4 suggestions)
warning: `aster-console` (lib) generated 1 warning (1 duplicate)
warning: `aster-softirq` (lib) generated 1 warning (1 duplicate)
warning: `aster-util` (lib) generated 1 warning (1 duplicate)
warning: `aster-block` (lib) generated 1 warning (1 duplicate)
warning: `aster-input` (lib) generated 1 warning (1 duplicate)
warning: `aster-keyboard` (lib) generated 1 warning (1 duplicate)
warning: `aster-systree` (lib) generated 1 warning (1 duplicate)
warning: `osdk-frame-allocator` (lib) generated 1 warning (1 duplicate)
warning: `xarray` (lib) generated 1 warning (1 duplicate)
warning: `osdk-heap-allocator` (lib) generated 1 warning (1 duplicate)
warning: use of deprecated associated function `aes_gcm::aead::generic_array::GenericArray::<T, N>::from_slice`: please upgrade to generic-array 1.x
   --> /root/asterinas/kernel/comps/mlsdisk/src/os/mod.rs:320:37
    |
320 |         let key = Key::<Aes128Gcm>::from_slice(key);
    |                                     ^^^^^^^^^^
    |
    = note: `#[warn(deprecated)]` on by default

warning: use of deprecated associated function `aes_gcm::aead::generic_array::GenericArray::<T, N>::from_slice`: please upgrade to generic-array 1.x
   --> /root/asterinas/kernel/comps/mlsdisk/src/os/mod.rs:321:41
    |
321 |         let nonce = Nonce::<Aes128Gcm>::from_slice(iv);
    |                                         ^^^^^^^^^^

warning: use of deprecated associated function `aes_gcm::aead::generic_array::GenericArray::<T, N>::from_slice`: please upgrade to generic-array 1.x
   --> /root/asterinas/kernel/comps/mlsdisk/src/os/mod.rs:343:37
    |
343 |         let key = Key::<Aes128Gcm>::from_slice(key);
    |                                     ^^^^^^^^^^

warning: use of deprecated associated function `aes_gcm::aead::generic_array::GenericArray::<T, N>::from_slice`: please upgrade to generic-array 1.x
   --> /root/asterinas/kernel/comps/mlsdisk/src/os/mod.rs:344:41
    |
344 |         let nonce = Nonce::<Aes128Gcm>::from_slice(iv);
    |                                         ^^^^^^^^^^

warning: use of deprecated associated function `aes_gcm::aead::generic_array::GenericArray::<T, N>::from_slice`: please upgrade to generic-array 1.x
   --> /root/asterinas/kernel/comps/mlsdisk/src/os/mod.rs:345:37
    |
345 |         let tag = Tag::<Aes128Gcm>::from_slice(mac);
    |                                     ^^^^^^^^^^

warning: `aster-bigtcp` (lib) generated 1 warning (1 duplicate)
warning: `aster-time` (lib) generated 1 warning (1 duplicate)
warning: `aster-logger` (lib) generated 1 warning (1 duplicate)
warning: `aster-mlsdisk` (lib) generated 6 warnings (1 duplicate)
warning: `aster-framebuffer` (lib) generated 1 warning (1 duplicate)
warning: `aster-network` (lib) generated 1 warning (1 duplicate)
warning: `aster-virtio` (lib) generated 1 warning (1 duplicate)
   Compiling aster-nix v0.1.0 (/root/asterinas/kernel)
warning: unused import: `spawn_init_process`
  --> /root/asterinas/kernel/src/lib.rs:41:24
   |
41 | use process::{Process, spawn_init_process};
   |                        ^^^^^^^^^^^^^^^^^^
   |
   = note: `#[warn(unused_imports)]` on by default

